-------------------------------------------------------------------------------
Test set: com.fbp.engine.node.MqttPublisherNodeTest$IntegrationTests
-------------------------------------------------------------------------------
Tests run: 6, Failures: 1, Errors: 0, Skipped: 0, Time elapsed: 11.56 s <<< FAILURE! -- in com.fbp.engine.node.MqttPublisherNodeTest$IntegrationTests
com.fbp.engine.node.MqttPublisherNodeTest$IntegrationTests.testDynamicTopic -- Time elapsed: 6.842 s <<< FAILURE!
org.opentest4j.AssertionFailedError: expected: <test/dynamic/target> but was: <null>
	at org.junit.jupiter.api.AssertionFailureBuilder.build(AssertionFailureBuilder.java:151)
	at org.junit.jupiter.api.AssertionFailureBuilder.buildAndThrow(AssertionFailureBuilder.java:132)
	at org.junit.jupiter.api.AssertEquals.failNotEqual(AssertEquals.java:197)
	at org.junit.jupiter.api.AssertEquals.assertEquals(AssertEquals.java:182)
	at org.junit.jupiter.api.AssertEquals.assertEquals(AssertEquals.java:177)
	at org.junit.jupiter.api.Assertions.assertEquals(Assertions.java:1145)
	at com.fbp.engine.node.MqttPublisherNodeTest$IntegrationTests.testDynamicTopic(MqttPublisherNodeTest.java:141)
	at java.base/java.lang.reflect.Method.invoke(Method.java:580)
	at java.base/java.util.ArrayList.forEach(ArrayList.java:1596)
	at java.base/java.util.ArrayList.forEach(ArrayList.java:1596)
	at java.base/java.util.ArrayList.forEach(ArrayList.java:1596)

