<?xml version="1.0" encoding="UTF-8"?>
<testsuite xmlns:xsi="http://www.w3.org/2001/XMLSchema-instance" xsi:noNamespaceSchemaLocation="https://maven.apache.org/surefire/maven-surefire-plugin/xsd/surefire-test-report.xsd" version="3.0.1" name="com.fbp.engine.Integration.IntegratedFlowTest" time="4.503" tests="1" errors="0" skipped="0" failures="0">
  <properties>
[...]
</properties>
  <testcase name="testFullIntegrationFlow" classname="com.fbp.engine.Integration.IntegratedFlowTest" time="4.503">
    <system-out><![CDATA[ModbusSimulator Start (Port: 5028)
[p1] processing message...
[print-p1] {id='1391a2cf-ed31-4aea-8b9d-74072f20291f', payload={timestamp=1776753746491, inputPort=in, tick=13}, timestamp=2026-04-21T15:42:26.492102}
[p1] done.
[p1] processing message...
[print-p1] {id='50fd6210-079f-4f5f-a787-26e3eb8ea505', payload={timestamp=1776753746499, inputPort=in, tick=13}, timestamp=2026-04-21T15:42:26.499927}
[p1] done.
[Engine] 플로우 'integration-flow' 등록됨
[p1] processing message...
[print-p1] {id='36256856-ebc1-40bc-8d05-3a8c803889c7', payload={timestamp=1776753746994, inputPort=in, tick=14}, timestamp=2026-04-21T15:42:26.994707}
[p1] done.
[p2] processing message...
[print-p2] {id='691a770d-cef0-4e72-ae17-c9b46a9ab83f', payload={timestamp=1776753746994, inputPort=in, tick=7}, timestamp=2026-04-21T15:42:26.994840}
[p2] done.
[p1] processing message...
[print-p1] {id='08e84d4d-6133-4212-9535-09912a98a822', payload={timestamp=1776753747003, inputPort=in, tick=14}, timestamp=2026-04-21T15:42:27.003363}
[p1] done.
[sub] 브로커 연결 성공: tcp://localhost:1883
[sub] 'sensors/temp' 구독 시작 (QoS: 1)
[sub] 외부 시스템 연결 성공
[rule] initialized.
[writer] 외부 시스템 연결 성공
[p1] processing message...
[print-p1] {id='8cfbc045-100c-474a-a3be-78aadf48340b', payload={timestamp=1776753747492, inputPort=in, tick=15}, timestamp=2026-04-21T15:42:27.492611}
[p1] done.
[p1] processing message...
[print-p1] {id='f103a7ab-abde-42e6-bace-c915cb2662b6', payload={timestamp=1776753747502, inputPort=in, tick=15}, timestamp=2026-04-21T15:42:27.502959}
[p1] done.
[pub] 외부 시스템 연결 성공
[Engine] 플로우 'integration-flow' 시작됨
[p1] processing message...
[print-p1] {id='d15f29f4-bce7-459a-b622-c8e60541e603', payload={timestamp=1776753747990, inputPort=in, tick=16}, timestamp=2026-04-21T15:42:27.990478}
[p1] done.
[p2] processing message...
[print-p2] {id='4cba5ab0-255e-4a48-b4d1-548b719d8c0d', payload={timestamp=1776753747997, inputPort=in, tick=8}, timestamp=2026-04-21T15:42:27.997965}
[p2] done.
[p1] processing message...
[print-p1] {id='b26da92a-86ee-42b7-912b-3b765c250a32', payload={timestamp=1776753748004, inputPort=in, tick=16}, timestamp=2026-04-21T15:42:28.004821}
[p1] done.
[p1] processing message...
[print-p1] {id='38c30002-d336-4ef5-ae84-543ad923febc', payload={timestamp=1776753748491, inputPort=in, tick=17}, timestamp=2026-04-21T15:42:28.491792}
[p1] done.
[p1] processing message...
[print-p1] {id='0b055856-3437-4f8d-af90-e12d6d8fca84', payload={timestamp=1776753748504, inputPort=in, tick=17}, timestamp=2026-04-21T15:42:28.504368}
[p1] done.
[sub] 메시지 수신 및 전달 완료 (Topic: sensors/temp)
[rule] processing message...
[rule] done.
[p1] processing message...
[print-p1] {id='24b474c3-4fc3-4661-9f84-8eccc0573c7b', payload={timestamp=1776753748995, inputPort=in, tick=18}, timestamp=2026-04-21T15:42:28.995205}
[p1] done.
[p2] processing message...
[print-p2] {id='f7b14074-3bc1-440e-ab0b-bda6b134e8dc', payload={timestamp=1776753748995, inputPort=in, tick=9}, timestamp=2026-04-21T15:42:28.995728}
[p2] done.
[p1] processing message...
[print-p1] {id='7930d84b-e888-4299-9e38-35e343b223d1', payload={timestamp=1776753749004, inputPort=in, tick=18}, timestamp=2026-04-21T15:42:29.004575}
[p1] done.
[p1] processing message...
[print-p1] {id='6a9bec3f-b579-4228-9dc0-b5d27c7c7894', payload={timestamp=1776753749495, inputPort=in, tick=19}, timestamp=2026-04-21T15:42:29.495373}
[p1] done.
[p1] processing message...
[print-p1] {id='16a421eb-20b8-44af-b54d-8af1dac0461a', payload={timestamp=1776753749504, inputPort=in, tick=19}, timestamp=2026-04-21T15:42:29.506858}
[p1] done.
[sub] 메시지 수신 및 전달 완료 (Topic: sensors/temp)
[rule] processing message...
[rule] done.
[writer] processing message...
[pub] processing message...
[ModbusWriter] Node: writer, Addr: 2, Val: 1 Write Success
[writer] done.
[pub] 발행 완료 -> alerts/overheat : {"inputPort":"in","temperature":35.5,"mqttTimestamp":1776753749762,"controlValue":1,"topic":"sensors/temp"}
[pub] done.
[p1] processing message...
[print-p1] {id='c0b4ef1f-bd8c-4738-9c82-31041eae2224', payload={timestamp=1776753749993, inputPort=in, tick=20}, timestamp=2026-04-21T15:42:29.993845}
[p1] done.
[p2] processing message...
[print-p2] {id='c6ab6f11-b313-448b-b3bf-cc896160524d', payload={timestamp=1776753749994, inputPort=in, tick=10}, timestamp=2026-04-21T15:42:29.994924}
[p2] done.
[p1] processing message...
[print-p1] {id='fd3a2461-bfdb-4bb4-8d12-d2a700dc9074', payload={timestamp=1776753749999, inputPort=in, tick=20}, timestamp=2026-04-21T15:42:29.999853}
[p1] done.
[p1] processing message...
[print-p1] {id='f0b2df89-41ea-4b43-9c69-419f191cf2b5', payload={timestamp=1776753750495, inputPort=in, tick=21}, timestamp=2026-04-21T15:42:30.495229}
[p1] done.
[p1] processing message...
[print-p1] {id='d5f99eb5-dda4-4e6e-bee5-152e5f6d8f8b', payload={timestamp=1776753750504, inputPort=in, tick=21}, timestamp=2026-04-21T15:42:30.504786}
[p1] done.
]]></system-out>
  </testcase>
</testsuite>