<?xml version="1.0" encoding="UTF-8"?>
<testsuite xmlns:xsi="http://www.w3.org/2001/XMLSchema-instance" xsi:noNamespaceSchemaLocation="https://maven.apache.org/surefire/maven-surefire-plugin/xsd/surefire-test-report-3.0.xsd" version="3.0" name="com.fbp.engine.api.HttpApiServerTest" time="1.233" tests="12" errors="0" skipped="0" failures="0">
  <properties>
[...]
</properties>
  <testcase name="testGetFlows" classname="com.fbp.engine.api.HttpApiServerTest" time="0.105">
    <system-out><![CDATA[API Server started on port 8888
[MqttPool] 모든 시스템 브로커 연결이 종료되었습니다.
]]></system-out>
  </testcase>
  <testcase name="testServerStartStop" classname="com.fbp.engine.api.HttpApiServerTest" time="0.102">
    <system-out><![CDATA[API Server started on port 8888
[print-p1] {id='4c76f61d-7a9e-4144-b342-7c4b84b97c48', payload={inputPort=in, tick=18, timestamp=1779841006679}, timestamp=2026-05-27T09:16:46.679400}
[print-p2] {id='17262401-b310-4d37-b1a5-fae590d49677', payload={inputPort=in, tick=9, timestamp=1779841006686}, timestamp=2026-05-27T09:16:46.686241}
[print-p1] {id='b86ac818-cc96-4021-8d7a-0719226bb55d', payload={inputPort=in, tick=18, timestamp=1779841006687}, timestamp=2026-05-27T09:16:46.687446}
[MqttPool] 모든 시스템 브로커 연결이 종료되었습니다.
]]></system-out>
  </testcase>
  <testcase name="testMethodNotAllowed" classname="com.fbp.engine.api.HttpApiServerTest" time="0.104">
    <system-out><![CDATA[API Server started on port 8888
[MqttPool] 모든 시스템 브로커 연결이 종료되었습니다.
]]></system-out>
  </testcase>
  <testcase name="testPortConflict" classname="com.fbp.engine.api.HttpApiServerTest" time="0.106">
    <system-out><![CDATA[API Server started on port 8888
[MqttPool] 모든 시스템 브로커 연결이 종료되었습니다.
]]></system-out>
  </testcase>
  <testcase name="testGetFlowMetrics" classname="com.fbp.engine.api.HttpApiServerTest" time="0.102">
    <system-out><![CDATA[API Server started on port 8888
[MqttPool] 모든 시스템 브로커 연결이 종료되었습니다.
]]></system-out>
  </testcase>
  <testcase name="testGetHealth" classname="com.fbp.engine.api.HttpApiServerTest" time="0.102">
    <system-out><![CDATA[API Server started on port 8888
[MqttPool] 모든 시스템 브로커 연결이 종료되었습니다.
]]></system-out>
  </testcase>
  <testcase name="testNotFoundPath" classname="com.fbp.engine.api.HttpApiServerTest" time="0.106">
    <system-out><![CDATA[API Server started on port 8888
[print-p1] {id='5227a836-d3d6-4dd4-a4f7-a3bec886cc42', payload={inputPort=in, tick=19, timestamp=1779841007181}, timestamp=2026-05-27T09:16:47.181827}
[print-p1] {id='fe2426e1-f3c2-45db-9f47-669e96d772ce', payload={inputPort=in, tick=19, timestamp=1779841007187}, timestamp=2026-05-27T09:16:47.187400}
[MqttPool] 모든 시스템 브로커 연결이 종료되었습니다.
]]></system-out>
  </testcase>
  <testcase name="testPostFlowsSuccess" classname="com.fbp.engine.api.HttpApiServerTest" time="0.067">
    <system-out><![CDATA[API Server started on port 8888
[Engine] Flow 'flow-1' registered
[n1] shutdown.
[MqttPool] 모든 시스템 브로커 연결이 종료되었습니다.
]]></system-out>
  </testcase>
  <testcase name="testContentTypeHeader" classname="com.fbp.engine.api.HttpApiServerTest" time="0.107">
    <system-out><![CDATA[API Server started on port 8888
[MqttPool] 모든 시스템 브로커 연결이 종료되었습니다.
]]></system-out>
  </testcase>
  <testcase name="testPostFlowsBadRequest" classname="com.fbp.engine.api.HttpApiServerTest" time="0.104">
    <system-out><![CDATA[API Server started on port 8888
[MqttPool] 모든 시스템 브로커 연결이 종료되었습니다.
]]></system-out>
    <system-err><![CDATA[Client Error (400): 플로우 파일(JSON) 읽기 실패: Unrecognized field "wrong" (class com.fbp.engine.parser.FlowDefinition), not marked as ignorable (9 known properties: "nodes", "metrics", "connections", "transport", "nodeMap", "id", "description", "name", "connectionIds"])
 at [Source: REDACTED (`StreamReadFeature.INCLUDE_SOURCE_IN_LOCATION` disabled); line: 1, column: 22] (through reference chain: com.fbp.engine.parser.FlowDefinition["wrong"])
]]></system-err>
  </testcase>
  <testcase name="testDeleteFlowSuccess" classname="com.fbp.engine.api.HttpApiServerTest" time="0.116">
    <system-out><![CDATA[API Server started on port 8888
[Engine] Flow 'delete-me' registered
[MqttPool] 모든 시스템 브로커 연결이 종료되었습니다.
]]></system-out>
  </testcase>
  <testcase name="testDeleteFlowNotFound" classname="com.fbp.engine.api.HttpApiServerTest" time="0.106">
    <system-out><![CDATA[API Server started on port 8888
[print-p1] {id='d3cb9b2d-baa1-4dc6-95b6-081ac7003f5c', payload={inputPort=in, tick=20, timestamp=1779841007681}, timestamp=2026-05-27T09:16:47.681265}
[print-p2] {id='bc9564fc-3b87-4b20-95e8-7f7f53cccbf0', payload={inputPort=in, tick=10, timestamp=1779841007686}, timestamp=2026-05-27T09:16:47.686250}
[print-p1] {id='376e1d58-c968-4e24-979f-de9d856bf597', payload={inputPort=in, tick=20, timestamp=1779841007689}, timestamp=2026-05-27T09:16:47.689828}
[MqttPool] 모든 시스템 브로커 연결이 종료되었습니다.
]]></system-out>
  </testcase>
</testsuite>