<?xml version="1.0" encoding="UTF-8"?>
<testsuite xmlns:xsi="http://www.w3.org/2001/XMLSchema-instance" xsi:noNamespaceSchemaLocation="https://maven.apache.org/surefire/maven-surefire-plugin/xsd/surefire-test-report.xsd" version="3.0.1" name="com.fbp.engine.Integration.CrossProtocolTest" time="300.064" tests="2" errors="1" skipped="0" failures="0">
  <properties>
[...]
</properties>
  <testcase name="testStability" classname="com.fbp.engine.Integration.CrossProtocolTest" time="300.041">
    <system-out><![CDATA[[p1] processing message...
[print-p1] {id='0aad4134-2ef2-430d-bbd7-a71fba1b7352', payload={timestamp=1776753750994, inputPort=in, tick=22}, timestamp=2026-04-21T15:42:30.995024}
[p1] done.
[p2] processing message...
[print-p2] {id='5c9d861f-e422-4da4-8430-73ee2014ba75', payload={timestamp=1776753750995, inputPort=in, tick=11}, timestamp=2026-04-21T15:42:30.995276}
[p2] done.
[p1] processing message...
[print-p1] {id='0c8af302-da98-4d02-aba5-c20ecf18a228', payload={timestamp=1776753751003, inputPort=in, tick=22}, timestamp=2026-04-21T15:42:31.003283}
[p1] done.
[p1] processing message...
[print-p1] {id='049fb406-3c74-4178-82dd-d80c3fc0c050', payload={timestamp=1776753751491, inputPort=in, tick=23}, timestamp=2026-04-21T15:42:31.492265}
[p1] done.
[p1] processing message...
[print-p1] {id='6865f218-774b-4664-a637-6527c100c325', payload={timestamp=1776753751504, inputPort=in, tick=23}, timestamp=2026-04-21T15:42:31.504871}
[p1] done.
[p1] processing message...
[print-p1] {id='e5be5f7d-e30d-4275-9dba-b9fcd93d0bf5', payload={timestamp=1776753751994, inputPort=in, tick=24}, timestamp=2026-04-21T15:42:31.995162}
[p1] done.
[p2] processing message...
[print-p2] {id='4ad913b3-6437-4988-869d-14257003ac07', payload={timestamp=1776753751996, inputPort=in, tick=12}, timestamp=2026-04-21T15:42:31.996914}
[p2] done.
[p1] processing message...
[print-p1] {id='ac2e4d6c-e607-4531-9bdd-16d1d4a60b1e', payload={timestamp=1776753752003, inputPort=in, tick=24}, timestamp=2026-04-21T15:42:32.003248}
[p1] done.
[p1] processing message...
[print-p1] {id='70d655e1-3eb9-4372-823c-b2b9711b01d1', payload={timestamp=1776753752490, inputPort=in, tick=25}, timestamp=2026-04-21T15:42:32.490830}
[p1] done.
[p1] processing message...
[print-p1] {id='b62be75d-d31e-4d54-b2d7-6d5b15b723d7', payload={timestamp=1776753752502, inputPort=in, tick=25}, timestamp=2026-04-21T15:42:32.502610}
[p1] done.
[p1] processing message...
[print-p1] {id='2d7a7f12-914c-437d-8ebe-30e89830cc89', payload={timestamp=1776753752990, inputPort=in, tick=26}, timestamp=2026-04-21T15:42:32.990659}
[p1] done.
[p2] processing message...
[print-p2] {id='e44b50c0-2c6a-4f5e-a52d-30ab8f11d5f9', payload={timestamp=1776753752996, inputPort=in, tick=13}, timestamp=2026-04-21T15:42:32.996476}
[p2] done.
[p1] processing message...
[print-p1] {id='a38385e4-c191-44ed-a816-0ec4ea717dca', payload={timestamp=1776753753004, inputPort=in, tick=26}, timestamp=2026-04-21T15:42:33.004826}
[p1] done.
[p1] processing message...
[print-p1] {id='8f167160-4dbe-40e0-8450-1b27a2a397ea', payload={timestamp=1776753753495, inputPort=in, tick=27}, timestamp=2026-04-21T15:42:33.495298}
[p1] done.
[p1] processing message...
[print-p1] {id='05eaac0d-274f-488a-9f31-ea90afaf655c', payload={timestamp=1776753753504, inputPort=in, tick=27}, timestamp=2026-04-21T15:42:33.504831}
[p1] done.
[p1] processing message...
[print-p1] {id='ca959c76-bf3a-40b1-a34e-9aee03769b95', payload={timestamp=1776753753994, inputPort=in, tick=28}, timestamp=2026-04-21T15:42:33.995249}
[p1] done.
[p2] processing message...
[print-p2] {id='03de7a9d-32e1-4ea5-b093-b3438156cb15', payload={timestamp=1776753753998, inputPort=in, tick=14}, timestamp=2026-04-21T15:42:33.998702}
[p2] done.
[p1] processing message...
[print-p1] {id='6fffa911-9dbd-4782-97e0-906af4eb3b6c', payload={timestamp=1776753754001, inputPort=in, tick=28}, timestamp=2026-04-21T15:42:34.002084}
[p1] done.
[p1] processing message...
[print-p1] {id='914f6a05-a5a6-4998-9817-6a82b3605047', payload={timestamp=1776753754491, inputPort=in, tick=29}, timestamp=2026-04-21T15:42:34.491249}
[p1] done.
[p1] processing message...
[print-p1] {id='e5456f90-b46e-4346-8074-ea1f68405d44', payload={timestamp=1776753754501, inputPort=in, tick=29}, timestamp=2026-04-21T15:42:34.501213}
[p1] done.
[p1] processing message...
[print-p1] {id='ac82977e-1e60-42eb-b4b6-fd9b750fbb03', payload={timestamp=1776753754995, inputPort=in, tick=30}, timestamp=2026-04-21T15:42:34.995284}
[p1] done.
[p2] processing message...
[print-p2] {id='d87b1ef0-fa8b-4b19-b14c-3eb88dc80648', payload={timestamp=1776753754998, inputPort=in, tick=15}, timestamp=2026-04-21T15:42:34.998887}
[p2] done.
[p1] processing message...
[print-p1] {id='32e3a3bf-6156-4b18-9bb6-37e196b8fff2', payload={timestamp=1776753755001, inputPort=in, tick=30}, timestamp=2026-04-21T15:42:35.001565}
[p1] done.
[p1] processing message...
[print-p1] {id='7bb0e47e-0109-47c8-a28e-986ef44fcfd5', payload={timestamp=1776753755491, inputPort=in, tick=31}, timestamp=2026-04-21T15:42:35.491982}
[p1] done.
[p1] processing message...
[print-p1] {id='c8f72e53-0d91-45a3-992b-e8f4901cdd8d', payload={timestamp=1776753755504, inputPort=in, tick=31}, timestamp=2026-04-21T15:42:35.504808}
[p1] done.
[p1] processing message...
[print-p1] {id='83de8fc2-e05e-4186-ad90-223c6fa889cd', payload={timestamp=1776753755995, inputPort=in, tick=32}, timestamp=2026-04-21T15:42:35.995352}
[p1] done.
[p2] processing message...
[print-p2] {id='d8050f9f-6243-4049-a2e3-464a2ba8643c', payload={timestamp=1776753755997, inputPort=in, tick=16}, timestamp=2026-04-21T15:42:35.997303}
[p2] done.
[p1] processing message...
[print-p1] {id='201fe33f-158b-404e-98ba-d4fbd2592ffa', payload={timestamp=1776753756000, inputPort=in, tick=32}, timestamp=2026-04-21T15:42:36.000238}
[p1] done.
[p1] processing message...
[print-p1] {id='d1ab662a-07c0-493f-b169-24b039270c76', payload={timestamp=1776753756490, inputPort=in, tick=33}, timestamp=2026-04-21T15:42:36.490912}
[p1] done.
[p1] processing message...
[print-p1] {id='7948ea8c-7325-4f46-9f7d-758a37252d9b', payload={timestamp=1776753756502, inputPort=in, tick=33}, timestamp=2026-04-21T15:42:36.502586}
[p1] done.
[p2] processing message...
[print-p2] {id='1ddb6655-f9a0-4cca-94a5-2507f30f69c6', payload={timestamp=1776753756994, inputPort=in, tick=17}, timestamp=2026-04-21T15:42:36.994344}
[p2] done.
[p1] processing message...
[print-p1] {id='fb759d0f-6916-4410-829d-10390b6819d8', payload={timestamp=1776753756995, inputPort=in, tick=34}, timestamp=2026-04-21T15:42:36.995174}
[p1] done.
[p1] processing message...
[print-p1] {id='d9109602-7f2a-419e-941c-5058a02a3a16', payload={timestamp=1776753757001, inputPort=in, tick=34}, timestamp=2026-04-21T15:42:37.001497}
[p1] done.
[p1] processing message...
[print-p1] {id='8a1515ca-c6c4-4fae-897e-376fd1c20404', payload={timestamp=1776753757491, inputPort=in, tick=35}, timestamp=2026-04-21T15:42:37.491889}
[p1] done.
[p1] processing message...
[print-p1] {id='8e5ea237-a0d0-4871-86ef-c3e03fe638f3', payload={timestamp=1776753757504, inputPort=in, tick=35}, timestamp=2026-04-21T15:42:37.505014}
[p1] done.
[p2] processing message...
[p1] processing message...
[print-p1] {id='5a8e9741-9a10-4e51-834d-d50f62a94f68', payload={timestamp=1776753757995, inputPort=in, tick=36}, timestamp=2026-04-21T15:42:37.995362}
[print-p2] {id='4c2eca42-d10a-404e-966b-6ce3e2da3fff', payload={timestamp=1776753757995, inputPort=in, tick=18}, timestamp=2026-04-21T15:42:37.995316}
[p2] done.
[p1] done.
[p1] processing message...
[print-p1] {id='fdc70e13-14f8-4aea-9cb9-a6be0cedaf9b', payload={timestamp=1776753758003, inputPort=in, tick=36}, timestamp=2026-04-21T15:42:38.003314}
[p1] done.
[p1] processing message...
[print-p1] {id='1339d41e-2126-42b8-bb43-535c3c319f45', payload={timestamp=1776753758493, inputPort=in, tick=37}, timestamp=2026-04-21T15:42:38.493934}
[p1] done.
[p1] processing message...
[print-p1] {id='fc7f8ac7-def3-493e-aa0f-d434a67d1c5a', payload={timestamp=1776753758504, inputPort=in, tick=37}, timestamp=2026-04-21T15:42:38.504811}
[p1] done.
[p2] processing message...
[print-p2] {id='aaf30fce-ef67-4539-ad90-c63de9fae6d4', payload={timestamp=1776753758993, inputPort=in, tick=19}, timestamp=2026-04-21T15:42:38.994167}
[p2] done.
[p1] processing message...
[print-p1] {id='e753b39b-884f-4d77-aa22-af5fa9299bf7', payload={timestamp=1776753758994, inputPort=in, tick=38}, timestamp=2026-04-21T15:42:38.994405}
[p1] done.
[p1] processing message...
[print-p1] {id='fd21a560-70b6-460d-ae5a-6b6e1416521a', payload={timestamp=1776753759002, inputPort=in, tick=38}, timestamp=2026-04-21T15:42:39.002923}
[p1] done.
[p1] processing message...
[print-p1] {id='024cedf3-17c0-4c95-99f0-2532595a1481', payload={timestamp=1776753759491, inputPort=in, tick=39}, timestamp=2026-04-21T15:42:39.491318}
[p1] done.
[p1] processing message...
[print-p1] {id='d024b16c-b64a-419b-b665-7b39a1c7f431', payload={timestamp=1776753759504, inputPort=in, tick=39}, timestamp=2026-04-21T15:42:39.504941}
[p1] done.
[p1] processing message...
[print-p1] {id='4d77ab90-72af-4924-91a3-c04c1e303a36', payload={timestamp=1776753759993, inputPort=in, tick=40}, timestamp=2026-04-21T15:42:39.993677}
[p1] done.
[p2] processing message...
[print-p2] {id='a437c076-5266-443a-87e1-2f1419d9c52b', payload={timestamp=1776753759998, inputPort=in, tick=20}, timestamp=2026-04-21T15:42:39.998674}
[p2] done.
[p1] processing message...
[print-p1] {id='cb549c7a-7b04-4d43-9598-d57222cdbab2', payload={timestamp=1776753760001, inputPort=in, tick=40}, timestamp=2026-04-21T15:42:40.001855}
[p1] done.
[p1] processing message...
[print-p1] {id='8414945e-abf6-4966-89b1-c040fee337e8', payload={timestamp=1776753760495, inputPort=in, tick=41}, timestamp=2026-04-21T15:42:40.495331}
[p1] done.
[p1] processing message...
[print-p1] {id='24e00d16-c86a-436f-b3d9-d881104f48cd', payload={timestamp=1776753760504, inputPort=in, tick=41}, timestamp=2026-04-21T15:42:40.504866}
[p1] done.
[p1] processing message...
[print-p1] {id='e4c8ac94-c9eb-443a-a026-457bdf43ba03', payload={timestamp=1776753760995, inputPort=in, tick=42}, timestamp=2026-04-21T15:42:40.995362}
[p1] done.
[p2] processing message...
[print-p2] {id='8f8769f2-2038-40cf-b54a-3887ceba0548', payload={timestamp=1776753760997, inputPort=in, tick=21}, timestamp=2026-04-21T15:42:40.997361}
[p2] done.
[p1] processing message...
[print-p1] {id='670b54ef-c70f-400d-8c74-cfccfbbc9fa5', payload={timestamp=1776753761002, inputPort=in, tick=42}, timestamp=2026-04-21T15:42:41.002710}
[p1] done.
[p1] processing message...
[print-p1] {id='7e7a3324-3258-41a6-a8aa-627013c6d36c', payload={timestamp=1776753761491, inputPort=in, tick=43}, timestamp=2026-04-21T15:42:41.491655}
[p1] done.
[p1] processing message...
[print-p1] {id='f104a701-055c-4b25-8b6d-bfb52391e984', payload={timestamp=1776753761503, inputPort=in, tick=43}, timestamp=2026-04-21T15:42:41.503310}
[p1] done.
[p1] processing message...
[print-p1] {id='4f17ac93-2480-4024-8811-ef1e3d4df821', payload={timestamp=1776753761994, inputPort=in, tick=44}, timestamp=2026-04-21T15:42:41.994657}
[p1] done.
[p2] processing message...
[print-p2] {id='d30ea879-fa89-439f-9f15-2406ddcddf81', payload={timestamp=1776753761998, inputPort=in, tick=22}, timestamp=2026-04-21T15:42:41.998597}
[p2] done.
[p1] processing message...
[print-p1] {id='8695b060-14ea-4b44-bf6a-c7ac4708f6cb', payload={timestamp=1776753762004, inputPort=in, tick=44}, timestamp=2026-04-21T15:42:42.004917}
[p1] done.
[p1] processing message...
[print-p1] {id='03c1880c-c586-43ca-a88e-fcf30f0404bd', payload={timestamp=1776753762491, inputPort=in, tick=45}, timestamp=2026-04-21T15:42:42.491419}
[p1] done.
[p1] processing message...
[print-p1] {id='42d0a9bf-d175-4fc0-be42-c4ede29706cc', payload={timestamp=1776753762504, inputPort=in, tick=45}, timestamp=2026-04-21T15:42:42.504802}
[p1] done.
[p1] processing message...
[print-p1] {id='843c12a7-4800-4f05-8810-ad7c8e8955d7', payload={timestamp=1776753762994, inputPort=in, tick=46}, timestamp=2026-04-21T15:42:42.994530}
[p1] done.
[p2] processing message...
[print-p2] {id='250cfbf0-e79c-4c93-9a06-76ae04ce943c', payload={timestamp=1776753762998, inputPort=in, tick=23}, timestamp=2026-04-21T15:42:42.998568}
[p2] done.
[p1] processing message...
[print-p1] {id='30aacd4b-a7e1-4c56-8054-168b98324ec8', payload={timestamp=1776753763002, inputPort=in, tick=46}, timestamp=2026-04-21T15:42:43.002664}
[p1] done.
[p1] processing message...
[print-p1] {id='3986b533-6ed1-4cec-a980-d92bbe5a26e9', payload={timestamp=1776753763490, inputPort=in, tick=47}, timestamp=2026-04-21T15:42:43.490454}
[p1] done.
[p1] processing message...
[print-p1] {id='a017c82a-6ae5-4ecf-8588-762eda46fee0', payload={timestamp=1776753763504, inputPort=in, tick=47}, timestamp=2026-04-21T15:42:43.504882}
[p1] done.
[p1] processing message...
[print-p1] {id='ce96b69d-82ae-4871-9b2b-4eda99abf3d6', payload={timestamp=1776753763995, inputPort=in, tick=48}, timestamp=2026-04-21T15:42:43.995277}
[p1] done.
[p2] processing message...
[print-p2] {id='3f1d5ada-255f-4f25-b7a2-869b4bf9ff84', payload={timestamp=1776753763997, inputPort=in, tick=24}, timestamp=2026-04-21T15:42:43.997535}
[p2] done.
[p1] processing message...
[print-p1] {id='e1178eb9-e944-4764-abd4-dc133254a23c', payload={timestamp=1776753764002, inputPort=in, tick=48}, timestamp=2026-04-21T15:42:44.002581}
[p1] done.
[p1] processing message...
[print-p1] {id='fe18549d-a7bf-487a-94a6-d4ec02312ce2', payload={timestamp=1776753764490, inputPort=in, tick=49}, timestamp=2026-04-21T15:42:44.490947}
[p1] done.
[p1] processing message...
[print-p1] {id='e6524bb0-9806-4060-8390-c8d020ae4fe2', payload={timestamp=1776753764499, inputPort=in, tick=49}, timestamp=2026-04-21T15:42:44.500012}
[p1] done.
[p1] processing message...
[print-p1] {id='a050780b-257c-44c7-92e7-e0159a0a0809', payload={timestamp=1776753764991, inputPort=in, tick=50}, timestamp=2026-04-21T15:42:44.991976}
[p1] done.
[p2] processing message...
[print-p2] {id='728ef4aa-9db3-4c00-bd97-7c276529a1da', payload={timestamp=1776753764996, inputPort=in, tick=25}, timestamp=2026-04-21T15:42:44.996552}
[p2] done.
[p1] processing message...
[print-p1] {id='725e3316-0ace-4550-afbb-7492b1d12b08', payload={timestamp=1776753765004, inputPort=in, tick=50}, timestamp=2026-04-21T15:42:45.004925}
[p1] done.
[p1] processing message...
[print-p1] {id='c5154417-93e5-4f7e-8f7f-96688433269c', payload={timestamp=1776753765491, inputPort=in, tick=51}, timestamp=2026-04-21T15:42:45.492044}
[p1] done.
[p1] processing message...
[print-p1] {id='3811e698-b093-4e40-95b3-f1634338c0b0', payload={timestamp=1776753765501, inputPort=in, tick=51}, timestamp=2026-04-21T15:42:45.501493}
[p1] done.
[p2] processing message...
[p1] processing message...
[print-p2] {id='19ce3ebd-74de-4782-bb96-475a74e10222', payload={timestamp=1776753765995, inputPort=in, tick=26}, timestamp=2026-04-21T15:42:45.995440}
[print-p1] {id='a7b68201-68ae-4cca-b029-0bdde53fa788', payload={timestamp=1776753765995, inputPort=in, tick=52}, timestamp=2026-04-21T15:42:45.995466}
[p2] done.
[p1] done.
[p1] processing message...
[print-p1] {id='deec47ca-b5c7-482e-bf76-6a70e1ba5bfc', payload={timestamp=1776753766002, inputPort=in, tick=52}, timestamp=2026-04-21T15:42:46.002760}
[p1] done.
[p1] processing message...
[print-p1] {id='a65882dc-17a8-4e66-9bce-a75c787540b6', payload={timestamp=1776753766495, inputPort=in, tick=53}, timestamp=2026-04-21T15:42:46.495615}
[p1] done.
[p1] processing message...
[print-p1] {id='50fa82a3-0f78-4c8f-8ccc-079f552e181b', payload={timestamp=1776753766501, inputPort=in, tick=53}, timestamp=2026-04-21T15:42:46.501950}
[p1] done.
[p1] processing message...
[print-p1] {id='f3d5dd5e-0c77-482f-b8be-6e75069c07cc', payload={timestamp=1776753766995, inputPort=in, tick=54}, timestamp=2026-04-21T15:42:46.995723}
[p1] done.
[p2] processing message...
[print-p2] {id='d90e6bbb-5b8e-498e-8e21-4083e40bc825', payload={timestamp=1776753767002, inputPort=in, tick=27}, timestamp=2026-04-21T15:42:47.002911}
[p2] done.
[p1] processing message...
[print-p1] {id='0b1bcc50-18f5-401e-9662-cd2a2866aab9', payload={timestamp=1776753767004, inputPort=in, tick=54}, timestamp=2026-04-21T15:42:47.005042}
[p1] done.
[p1] processing message...
[print-p1] {id='c81acd50-2084-40af-9575-4bea83f90752', payload={timestamp=1776753767493, inputPort=in, tick=55}, timestamp=2026-04-21T15:42:47.494419}
[p1] done.
[p1] processing message...
[print-p1] {id='5e89e610-ba51-48df-b6dc-b855ca629748', payload={timestamp=1776753767504, inputPort=in, tick=55}, timestamp=2026-04-21T15:42:47.507290}
[p1] done.
[p1] processing message...
[print-p1] {id='c62a555b-0359-4c5e-be28-174dce73d54d', payload={timestamp=1776753767990, inputPort=in, tick=56}, timestamp=2026-04-21T15:42:47.990392}
[p1] done.
[p2] processing message...
[print-p2] {id='c5f57087-6463-4c82-b1ba-4f618825a8f7', payload={timestamp=1776753767998, inputPort=in, tick=28}, timestamp=2026-04-21T15:42:47.998526}
[p2] done.
[p1] processing message...
[print-p1] {id='35df1dea-c432-4ff1-ace2-abbf10d7fa64', payload={timestamp=1776753768002, inputPort=in, tick=56}, timestamp=2026-04-21T15:42:48.002325}
[p1] done.
[p1] processing message...
[print-p1] {id='f5730097-a9e7-48bf-8c12-45be514b72ec', payload={timestamp=1776753768492, inputPort=in, tick=57}, timestamp=2026-04-21T15:42:48.492677}
[p1] done.
[p1] processing message...
[print-p1] {id='1b075cfc-d261-41c7-abb5-756895f0bcc7', payload={timestamp=1776753768501, inputPort=in, tick=57}, timestamp=2026-04-21T15:42:48.501721}
[p1] done.
[p1] processing message...
[print-p1] {id='3c9844ec-cbde-45ab-8223-e820f0fa4ec1', payload={timestamp=1776753768995, inputPort=in, tick=58}, timestamp=2026-04-21T15:42:48.995446}
[p1] done.
[p2] processing message...
[print-p2] {id='3ebfb9eb-ee53-478d-b9e8-3ed70d2a0b32', payload={timestamp=1776753768996, inputPort=in, tick=29}, timestamp=2026-04-21T15:42:48.996345}
[p2] done.
[p1] processing message...
[print-p1] {id='e01dc6bf-19df-4556-ad04-9e37f62f7d2c', payload={timestamp=1776753769003, inputPort=in, tick=58}, timestamp=2026-04-21T15:42:49.003493}
[p1] done.
[p1] processing message...
[print-p1] {id='4e51438f-36a4-4108-ab53-c296a50e946a', payload={timestamp=1776753769490, inputPort=in, tick=59}, timestamp=2026-04-21T15:42:49.490739}
[p1] done.
[p1] processing message...
[print-p1] {id='d1b31423-7e90-459f-bb60-2a0c76f10349', payload={timestamp=1776753769504, inputPort=in, tick=59}, timestamp=2026-04-21T15:42:49.505208}
[p1] done.
[p1] processing message...
[print-p1] {id='9601198e-b207-4a60-994e-6fc837a831c8', payload={timestamp=1776753769995, inputPort=in, tick=60}, timestamp=2026-04-21T15:42:49.995253}
[p1] done.
[p2] processing message...
[print-p2] {id='be6ba677-e5f4-478a-820c-f350b5ddd7f7', payload={timestamp=1776753769997, inputPort=in, tick=30}, timestamp=2026-04-21T15:42:49.997845}
[p2] done.
[p1] processing message...
[print-p1] {id='2e07d586-d5db-4e6d-805e-3b3362ccd028', payload={timestamp=1776753770002, inputPort=in, tick=60}, timestamp=2026-04-21T15:42:50.003023}
[p1] done.
[p1] processing message...
[print-p1] {id='23b74e85-631f-4dda-8f4c-51c21a77dbc9', payload={timestamp=1776753770494, inputPort=in, tick=61}, timestamp=2026-04-21T15:42:50.495084}
[p1] done.
[p1] processing message...
[print-p1] {id='e25ecb7c-29ac-4c8e-90e4-c7b334fd8214', payload={timestamp=1776753770503, inputPort=in, tick=61}, timestamp=2026-04-21T15:42:50.503210}
[p1] done.
[p1] processing message...
[print-p1] {id='790d066f-22fe-4aa2-aae0-4265833bd233', payload={timestamp=1776753770994, inputPort=in, tick=62}, timestamp=2026-04-21T15:42:50.995146}
[p1] done.
[p2] processing message...
[print-p2] {id='cd4eea1a-35a1-416f-8a5c-82f4d73df404', payload={timestamp=1776753770998, inputPort=in, tick=31}, timestamp=2026-04-21T15:42:50.999010}
[p2] done.
[p1] processing message...
[print-p1] {id='25894be6-dbb1-4525-a7fc-142afbfe6be9', payload={timestamp=1776753771004, inputPort=in, tick=62}, timestamp=2026-04-21T15:42:51.004232}
[p1] done.
[p1] processing message...
[print-p1] {id='a23c625b-e8e3-4988-ad1a-9b349c4f2a5c', payload={timestamp=1776753771496, inputPort=in, tick=63}, timestamp=2026-04-21T15:42:51.496998}
[p1] done.
[p1] processing message...
[print-p1] {id='04453e21-1599-4e7e-b251-5199eba98f58', payload={timestamp=1776753771504, inputPort=in, tick=63}, timestamp=2026-04-21T15:42:51.505052}
[p1] done.
[p1] processing message...
[print-p1] {id='fb5ab41c-7f60-4f8c-847d-0eb583c0556d', payload={timestamp=1776753771991, inputPort=in, tick=64}, timestamp=2026-04-21T15:42:51.991949}
[p1] done.
[p2] processing message...
[print-p2] {id='9ffbb834-e50a-4f2d-ab2b-b723850ef424', payload={timestamp=1776753771997, inputPort=in, tick=32}, timestamp=2026-04-21T15:42:51.997715}
[p2] done.
[p1] processing message...
[print-p1] {id='2edc7665-7d41-46bd-800c-bf4d47fff1ad', payload={timestamp=1776753772004, inputPort=in, tick=64}, timestamp=2026-04-21T15:42:52.013558}
[p1] done.
[p1] processing message...
[print-p1] {id='73734716-48d0-43c5-b6ca-fe12d479c110', payload={timestamp=1776753772495, inputPort=in, tick=65}, timestamp=2026-04-21T15:42:52.495913}
[p1] done.
[p1] processing message...
[print-p1] {id='fddbda52-dfdc-423d-81e4-e6e49c07d635', payload={timestamp=1776753772501, inputPort=in, tick=65}, timestamp=2026-04-21T15:42:52.502404}
[p1] done.
[p1] processing message...
[print-p1] {id='6c56c352-d0b3-4847-83ed-6a2dc5e09811', payload={timestamp=1776753772991, inputPort=in, tick=66}, timestamp=2026-04-21T15:42:52.992418}
[p1] done.
[p2] processing message...
[print-p2] {id='ff76ca8e-4dd9-4627-9ad3-647824fccdfe', payload={timestamp=1776753772996, inputPort=in, tick=33}, timestamp=2026-04-21T15:42:52.996637}
[p2] done.
[p1] processing message...
[print-p1] {id='70fa0c14-a484-41d0-8064-51f6c0ffba28', payload={timestamp=1776753773003, inputPort=in, tick=66}, timestamp=2026-04-21T15:42:53.003900}
[p1] done.
[p1] processing message...
[print-p1] {id='783945af-eb7d-4a8b-935c-eebae9ad7054', payload={timestamp=1776753773491, inputPort=in, tick=67}, timestamp=2026-04-21T15:42:53.491817}
[p1] done.
[p1] processing message...
[print-p1] {id='86e3bf3e-fa75-433e-a399-ead3b9590d77', payload={timestamp=1776753773503, inputPort=in, tick=67}, timestamp=2026-04-21T15:42:53.503881}
[p1] done.
[p1] processing message...
[print-p1] {id='a41562b3-79c9-451a-840b-fed95c345cac', payload={timestamp=1776753773993, inputPort=in, tick=68}, timestamp=2026-04-21T15:42:53.993545}
[p1] done.
[p2] processing message...
[print-p2] {id='61260ca2-d1b9-4c8f-95bf-2609990ee96f', payload={timestamp=1776753773997, inputPort=in, tick=34}, timestamp=2026-04-21T15:42:53.997743}
[p2] done.
[p1] processing message...
[print-p1] {id='91665b80-286e-45bf-a4d3-cba9f4215c1f', payload={timestamp=1776753774004, inputPort=in, tick=68}, timestamp=2026-04-21T15:42:54.004890}
[p1] done.
[p1] processing message...
[print-p1] {id='2a547892-ca23-4fe9-88a8-fc3469beada1', payload={timestamp=1776753774492, inputPort=in, tick=69}, timestamp=2026-04-21T15:42:54.492542}
[p1] done.
[p1] processing message...
[print-p1] {id='62abfac2-bd90-457a-b7a6-002bd7a27f54', payload={timestamp=1776753774501, inputPort=in, tick=69}, timestamp=2026-04-21T15:42:54.501381}
[p1] done.
[p1] processing message...
[print-p1] {id='b5d4d895-a9af-40d0-8dd2-8051783fe7af', payload={timestamp=1776753774994, inputPort=in, tick=70}, timestamp=2026-04-21T15:42:54.995507}
[p1] done.
[p2] processing message...
[print-p2] {id='d1b5e82a-455e-4315-9969-eccbe7c8594f', payload={timestamp=1776753774998, inputPort=in, tick=35}, timestamp=2026-04-21T15:42:54.999020}
[p2] done.
[p1] processing message...
[print-p1] {id='2a1bad33-d10e-4ebd-8fb2-2b4736c1c0b6', payload={timestamp=1776753775005, inputPort=in, tick=70}, timestamp=2026-04-21T15:42:55.005452}
[p1] done.
[p1] processing message...
[print-p1] {id='7c2276b6-0635-498f-b320-1a78bc4acafc', payload={timestamp=1776753775494, inputPort=in, tick=71}, timestamp=2026-04-21T15:42:55.495173}
[p1] done.
[p1] processing message...
[print-p1] {id='123ab01f-2606-4526-8528-d4acae3c3e0b', payload={timestamp=1776753775500, inputPort=in, tick=71}, timestamp=2026-04-21T15:42:55.501077}
[p1] done.
[p1] processing message...
[print-p1] {id='5ce573bc-63b5-47ef-a6b5-b0d75b84ec82', payload={timestamp=1776753775992, inputPort=in, tick=72}, timestamp=2026-04-21T15:42:55.993639}
[p1] done.
[p2] processing message...
[print-p2] {id='c33bfe4b-765e-4a67-9c5c-67c5006ef966', payload={timestamp=1776753775998, inputPort=in, tick=36}, timestamp=2026-04-21T15:42:55.998276}
[p2] done.
[p1] processing message...
[print-p1] {id='6ff13472-306a-4469-b9ef-549dd91699d9', payload={timestamp=1776753776002, inputPort=in, tick=72}, timestamp=2026-04-21T15:42:56.002357}
[p1] done.
[p1] processing message...
[print-p1] {id='c8c22d04-3cfc-4b94-81b5-2cff7ab186a3', payload={timestamp=1776753776490, inputPort=in, tick=73}, timestamp=2026-04-21T15:42:56.490998}
[p1] done.
[p1] processing message...
[print-p1] {id='251f1ca0-cbc4-443a-a373-dd3e7d0b22c9', payload={timestamp=1776753776501, inputPort=in, tick=73}, timestamp=2026-04-21T15:42:56.502403}
[p1] done.
[p1] processing message...
[print-p1] {id='2bfd9edf-b457-4931-a8b7-7e74b7ade19f', payload={timestamp=1776753776993, inputPort=in, tick=74}, timestamp=2026-04-21T15:42:56.994033}
[p1] done.
[p2] processing message...
[print-p2] {id='b6621947-bee5-4390-a808-7b23195321d4', payload={timestamp=1776753776998, inputPort=in, tick=37}, timestamp=2026-04-21T15:42:56.999114}
[p2] done.
[p1] processing message...
[print-p1] {id='0646412b-7b05-4fd7-b634-d577bd2af2b4', payload={timestamp=1776753777003, inputPort=in, tick=74}, timestamp=2026-04-21T15:42:57.004315}
[p1] done.
[p1] processing message...
[print-p1] {id='5747d2bb-19cb-4341-828a-e01ab02de01e', payload={timestamp=1776753777492, inputPort=in, tick=75}, timestamp=2026-04-21T15:42:57.493485}
[p1] done.
[p1] processing message...
[print-p1] {id='5f0098e0-3c3a-4e31-8f65-fe7d6802b4ad', payload={timestamp=1776753777504, inputPort=in, tick=75}, timestamp=2026-04-21T15:42:57.504963}
[p1] done.
[p1] processing message...
[print-p1] {id='47a04df2-cf92-4e58-abb7-fb38b44975b8', payload={timestamp=1776753777995, inputPort=in, tick=76}, timestamp=2026-04-21T15:42:57.995383}
[p1] done.
[p2] processing message...
[print-p2] {id='1927cc03-b66a-4f0b-9568-695aec38c964', payload={timestamp=1776753777996, inputPort=in, tick=38}, timestamp=2026-04-21T15:42:57.996456}
[p2] done.
[p1] processing message...
[print-p1] {id='9a49150a-dc8d-432c-a292-c76e0e2d77da', payload={timestamp=1776753778004, inputPort=in, tick=76}, timestamp=2026-04-21T15:42:58.004399}
[p1] done.
[p1] processing message...
[print-p1] {id='db1a7e20-7a61-474d-bc35-a09af31232ac', payload={timestamp=1776753778495, inputPort=in, tick=77}, timestamp=2026-04-21T15:42:58.495717}
[p1] done.
[p1] processing message...
[print-p1] {id='e557edfd-0b01-4a93-ba04-de3dafbe8c30', payload={timestamp=1776753778501, inputPort=in, tick=77}, timestamp=2026-04-21T15:42:58.502215}
[p1] done.
[p2] processing message...
[print-p2] {id='08620330-6b03-4e9f-afdc-263b7d517dc2', payload={timestamp=1776753778994, inputPort=in, tick=39}, timestamp=2026-04-21T15:42:58.994492}
[p2] done.
[p1] processing message...
[print-p1] {id='9fbd8b18-484d-4dc8-87b3-3a8e844af9b8', payload={timestamp=1776753778996, inputPort=in, tick=78}, timestamp=2026-04-21T15:42:58.996334}
[p1] done.
[p1] processing message...
[print-p1] {id='4d8b0241-cb1f-4080-8a4a-380f09b30999', payload={timestamp=1776753779004, inputPort=in, tick=78}, timestamp=2026-04-21T15:42:59.005252}
[p1] done.
[p1] processing message...
[print-p1] {id='e8ee6259-93fa-4024-a101-56111cf6c86d', payload={timestamp=1776753779493, inputPort=in, tick=79}, timestamp=2026-04-21T15:42:59.493899}
[p1] done.
[p1] processing message...
[print-p1] {id='35418797-c605-494f-8eab-9a6178f03b97', payload={timestamp=1776753779504, inputPort=in, tick=79}, timestamp=2026-04-21T15:42:59.505025}
[p1] done.
[p1] processing message...
[print-p1] {id='11c2ba85-282d-4440-acf2-8339a1bb6809', payload={timestamp=1776753779991, inputPort=in, tick=80}, timestamp=2026-04-21T15:42:59.991310}
[p1] done.
[p2] processing message...
[print-p2] {id='0e3db410-fad0-4302-a80c-3122d61e42e4', payload={timestamp=1776753779996, inputPort=in, tick=40}, timestamp=2026-04-21T15:42:59.997126}
[p2] done.
[p1] processing message...
[print-p1] {id='5dd33642-f2da-4248-92ff-296c77dc5d27', payload={timestamp=1776753780000, inputPort=in, tick=80}, timestamp=2026-04-21T15:43:00.000943}
[p1] done.
[p1] processing message...
[print-p1] {id='583b82b5-f742-48b4-803c-b2889ffeeeb2', payload={timestamp=1776753780495, inputPort=in, tick=81}, timestamp=2026-04-21T15:43:00.496102}
[p1] done.
[p1] processing message...
[print-p1] {id='a7b46f6d-006e-42c4-9d23-e8103874000f', payload={timestamp=1776753780504, inputPort=in, tick=81}, timestamp=2026-04-21T15:43:00.505040}
[p1] done.
장기 테스트 중...
[p1] processing message...
[print-p1] {id='9e461ebe-9cba-440a-90b5-0c2f5d9fcd73', payload={timestamp=1776753780995, inputPort=in, tick=82}, timestamp=2026-04-21T15:43:00.995478}
[p1] done.
[p2] processing message...
[print-p2] {id='5b82c009-3d00-443f-8237-6929ae5ac2cd', payload={timestamp=1776753780998, inputPort=in, tick=41}, timestamp=2026-04-21T15:43:00.998883}
[p2] done.
[p1] processing message...
[print-p1] {id='f2c69b61-89a5-49c1-9f52-e77e4f17e63c', payload={timestamp=1776753781004, inputPort=in, tick=82}, timestamp=2026-04-21T15:43:01.004722}
[p1] done.
[p1] processing message...
[print-p1] {id='6a32a9ef-2ae0-44f4-9517-a6d925656b51', payload={timestamp=1776753781493, inputPort=in, tick=83}, timestamp=2026-04-21T15:43:01.494390}
[p1] done.
[p1] processing message...
[print-p1] {id='5515ee42-3ca3-4122-9de0-e1b9438395c9', payload={timestamp=1776753781502, inputPort=in, tick=83}, timestamp=2026-04-21T15:43:01.502316}
[p1] done.
[p1] processing message...
[print-p1] {id='df6bb32d-29ef-40f6-8465-3f9bbc2318b6', payload={timestamp=1776753781995, inputPort=in, tick=84}, timestamp=2026-04-21T15:43:01.995421}
[p1] done.
[p2] processing message...
[print-p2] {id='fe09dabb-b207-467c-8358-a2a49b328de7', payload={timestamp=1776753781998, inputPort=in, tick=42}, timestamp=2026-04-21T15:43:01.999059}
[p2] done.
[p1] processing message...
[print-p1] {id='ecf1d051-b433-430f-be5f-b5969cca460e', payload={timestamp=1776753782005, inputPort=in, tick=84}, timestamp=2026-04-21T15:43:02.005701}
[p1] done.
[p1] processing message...
[print-p1] {id='7863b811-6b65-4cc7-9800-a7d72af82a68', payload={timestamp=1776753782493, inputPort=in, tick=85}, timestamp=2026-04-21T15:43:02.494027}
[p1] done.
[p1] processing message...
[print-p1] {id='a9e01633-f654-41ea-8c5e-2dff2f46e518', payload={timestamp=1776753782504, inputPort=in, tick=85}, timestamp=2026-04-21T15:43:02.504773}
[p1] done.
[p1] processing message...
[print-p1] {id='9f80df05-3e84-4a85-a31d-44ab9736958f', payload={timestamp=1776753782990, inputPort=in, tick=86}, timestamp=2026-04-21T15:43:02.990824}
[p1] done.
[p2] processing message...
[print-p2] {id='7bd80fa8-b69b-4206-b8f3-7d07dcc9da49', payload={timestamp=1776753782994, inputPort=in, tick=43}, timestamp=2026-04-21T15:43:02.994520}
[p2] done.
[p1] processing message...
[print-p1] {id='88bae2ab-9418-4621-b990-44fa738a0d1d', payload={timestamp=1776753783000, inputPort=in, tick=86}, timestamp=2026-04-21T15:43:03.000473}
[p1] done.
[p1] processing message...
[print-p1] {id='806e0dae-6f7b-46b1-b6c2-8188b5980b64', payload={timestamp=1776753783495, inputPort=in, tick=87}, timestamp=2026-04-21T15:43:03.495358}
[p1] done.
[p1] processing message...
[print-p1] {id='66450838-145e-444d-8949-7a3b815f65d2', payload={timestamp=1776753783503, inputPort=in, tick=87}, timestamp=2026-04-21T15:43:03.503381}
[p1] done.
[p2] processing message...
[p1] processing message...
[print-p1] {id='68c189e1-7ad3-41c2-abdb-155a4fb9e8f0', payload={timestamp=1776753783995, inputPort=in, tick=88}, timestamp=2026-04-21T15:43:03.995735}
[print-p2] {id='c1678f53-180d-4dc5-b2fe-38d77645bcfc', payload={timestamp=1776753783995, inputPort=in, tick=44}, timestamp=2026-04-21T15:43:03.995676}
[p2] done.
[p1] done.
[p1] processing message...
[print-p1] {id='d292f842-8956-4e9e-869b-70ae487e18c4', payload={timestamp=1776753784005, inputPort=in, tick=88}, timestamp=2026-04-21T15:43:04.005522}
[p1] done.
[p1] processing message...
[print-p1] {id='4a3a1784-99bf-4252-8698-f0434371d67e', payload={timestamp=1776753784495, inputPort=in, tick=89}, timestamp=2026-04-21T15:43:04.495299}
[p1] done.
[p1] processing message...
[print-p1] {id='b9450964-8a18-4666-92c6-54be1d979e68', payload={timestamp=1776753784501, inputPort=in, tick=89}, timestamp=2026-04-21T15:43:04.501701}
[p1] done.
[p1] processing message...
[print-p1] {id='0cb2753c-3acd-49e0-b95d-7b499487acde', payload={timestamp=1776753784991, inputPort=in, tick=90}, timestamp=2026-04-21T15:43:04.991625}
[p1] done.
[p2] processing message...
[print-p2] {id='71b76fc4-0ccf-4530-badd-8c9eb3d73597', payload={timestamp=1776753784994, inputPort=in, tick=45}, timestamp=2026-04-21T15:43:04.994904}
[p2] done.
[p1] processing message...
[print-p1] {id='9e7e641f-ec65-4d06-a37c-637e02704eae', payload={timestamp=1776753785004, inputPort=in, tick=90}, timestamp=2026-04-21T15:43:05.004941}
[p1] done.
[p1] processing message...
[print-p1] {id='b1fc5e01-84e8-4328-9be5-3697631d551d', payload={timestamp=1776753785494, inputPort=in, tick=91}, timestamp=2026-04-21T15:43:05.494699}
[p1] done.
[p1] processing message...
[print-p1] {id='51cd784e-cec4-458d-995c-5dca99d58993', payload={timestamp=1776753785504, inputPort=in, tick=91}, timestamp=2026-04-21T15:43:05.504921}
[p1] done.
[p1] processing message...
[print-p1] {id='405b52bc-89a4-430d-aba7-2473aa505ea7', payload={timestamp=1776753785991, inputPort=in, tick=92}, timestamp=2026-04-21T15:43:05.992041}
[p1] done.
[p2] processing message...
[print-p2] {id='74ebde50-7cf2-441f-ae38-f273675a1239', payload={timestamp=1776753785998, inputPort=in, tick=46}, timestamp=2026-04-21T15:43:05.998727}
[p2] done.
[p1] processing message...
[print-p1] {id='a6713b63-9e01-474a-afe4-9215006f0d0f', payload={timestamp=1776753786002, inputPort=in, tick=92}, timestamp=2026-04-21T15:43:06.002781}
[p1] done.
[p1] processing message...
[print-p1] {id='5c6d3f80-b93c-48bb-916e-880652707e99', payload={timestamp=1776753786495, inputPort=in, tick=93}, timestamp=2026-04-21T15:43:06.495341}
[p1] done.
[p1] processing message...
[print-p1] {id='fc4e9d22-2603-463a-9a2f-5399ddc7c1ea', payload={timestamp=1776753786504, inputPort=in, tick=93}, timestamp=2026-04-21T15:43:06.504899}
[p1] done.
[p1] processing message...
[print-p1] {id='6bdee4aa-f6c5-413e-9df0-c8ba1852e405', payload={timestamp=1776753786990, inputPort=in, tick=94}, timestamp=2026-04-21T15:43:06.990360}
[p1] done.
[p2] processing message...
[print-p2] {id='4274fb31-820c-4bbb-8296-f8157a38176e', payload={timestamp=1776753786994, inputPort=in, tick=47}, timestamp=2026-04-21T15:43:06.994918}
[p2] done.
[p1] processing message...
[print-p1] {id='47fd121b-0603-4370-a28e-56c6791ae762', payload={timestamp=1776753787004, inputPort=in, tick=94}, timestamp=2026-04-21T15:43:07.004880}
[p1] done.
[p1] processing message...
[print-p1] {id='f8a96571-9c4f-46d7-94e0-65ad12940568', payload={timestamp=1776753787494, inputPort=in, tick=95}, timestamp=2026-04-21T15:43:07.494791}
[p1] done.
[p1] processing message...
[print-p1] {id='645b3723-6941-4384-9d8b-23cbaa374933', payload={timestamp=1776753787504, inputPort=in, tick=95}, timestamp=2026-04-21T15:43:07.504853}
[p1] done.
[p1] processing message...
[print-p1] {id='4c146674-3791-4aa1-ae7f-1adfd7351fc8', payload={timestamp=1776753787991, inputPort=in, tick=96}, timestamp=2026-04-21T15:43:07.991582}
[p1] done.
[p2] processing message...
[print-p2] {id='bf523664-330f-431d-a9bf-18619301c70b', payload={timestamp=1776753787994, inputPort=in, tick=48}, timestamp=2026-04-21T15:43:07.994536}
[p2] done.
[p1] processing message...
[print-p1] {id='588d89f4-888c-43b7-891d-90e03446fd32', payload={timestamp=1776753788002, inputPort=in, tick=96}, timestamp=2026-04-21T15:43:08.003154}
[p1] done.
[p1] processing message...
[print-p1] {id='98bc7ec9-8f29-40fd-91e0-fd6f19ad1a82', payload={timestamp=1776753788495, inputPort=in, tick=97}, timestamp=2026-04-21T15:43:08.495407}
[p1] done.
[p1] processing message...
[print-p1] {id='af0469c6-fe92-453b-ae71-96f4776c1eb5', payload={timestamp=1776753788504, inputPort=in, tick=97}, timestamp=2026-04-21T15:43:08.504879}
[p1] done.
[p1] processing message...
[print-p1] {id='3823e94d-1e2a-4864-bf8b-728bb6d631bd', payload={timestamp=1776753788992, inputPort=in, tick=98}, timestamp=2026-04-21T15:43:08.992174}
[p1] done.
[p2] processing message...
[print-p2] {id='0db2810d-6bea-4ba5-b08e-affaa3df4410', payload={timestamp=1776753788995, inputPort=in, tick=49}, timestamp=2026-04-21T15:43:08.995252}
[p2] done.
[p1] processing message...
[print-p1] {id='554fc856-e15f-480e-bb96-af323e8b4f50', payload={timestamp=1776753789003, inputPort=in, tick=98}, timestamp=2026-04-21T15:43:09.004007}
[p1] done.
[p1] processing message...
[print-p1] {id='f2135fad-3bdf-4cf4-bd94-666a19b2bb56', payload={timestamp=1776753789495, inputPort=in, tick=99}, timestamp=2026-04-21T15:43:09.495285}
[p1] done.
[p1] processing message...
[print-p1] {id='dde21a26-43ae-499a-8a35-1e39ed477c7d', payload={timestamp=1776753789500, inputPort=in, tick=99}, timestamp=2026-04-21T15:43:09.500181}
[p1] done.
[p1] processing message...
[print-p1] {id='0612f7e6-488f-41fe-9bbb-640ab478d2af', payload={timestamp=1776753789995, inputPort=in, tick=100}, timestamp=2026-04-21T15:43:09.995248}
[p1] done.
[p2] processing message...
[print-p2] {id='c668e981-51d9-4af5-a8cc-b73d029d9de4', payload={timestamp=1776753789998, inputPort=in, tick=50}, timestamp=2026-04-21T15:43:09.998198}
[p2] done.
[p1] processing message...
[print-p1] {id='596aab0d-12f0-4707-abef-f9e5495a5169', payload={timestamp=1776753790004, inputPort=in, tick=100}, timestamp=2026-04-21T15:43:10.005122}
[p1] done.
[p1] processing message...
[print-p1] {id='1f5f0cea-75fa-42ec-a241-a392e77bbd35', payload={timestamp=1776753790495, inputPort=in, tick=101}, timestamp=2026-04-21T15:43:10.495294}
[p1] done.
[p1] processing message...
[print-p1] {id='afc07de6-1371-499e-b5c8-31d6dd06c9c2', payload={timestamp=1776753790504, inputPort=in, tick=101}, timestamp=2026-04-21T15:43:10.504944}
[p1] done.
[p1] processing message...
[print-p1] {id='d7d27787-53f8-477b-8970-fd35582fe420', payload={timestamp=1776753790995, inputPort=in, tick=102}, timestamp=2026-04-21T15:43:10.995271}
[p1] done.
[p2] processing message...
[print-p2] {id='a32c8441-a1bf-4e9c-9998-c325c8e80648', payload={timestamp=1776753790998, inputPort=in, tick=51}, timestamp=2026-04-21T15:43:10.998972}
[p2] done.
[p1] processing message...
[print-p1] {id='1f572ba2-07a7-48c9-b9f2-4259afe705d8', payload={timestamp=1776753791004, inputPort=in, tick=102}, timestamp=2026-04-21T15:43:11.004436}
[p1] done.
[p1] processing message...
[print-p1] {id='c32cf76e-7951-4b3c-8a5f-99831bbaee2a', payload={timestamp=1776753791495, inputPort=in, tick=103}, timestamp=2026-04-21T15:43:11.495279}
[p1] done.
[p1] processing message...
[print-p1] {id='9ae5d027-ac09-4843-84b7-00a4dcbd8c7d', payload={timestamp=1776753791504, inputPort=in, tick=103}, timestamp=2026-04-21T15:43:11.504888}
[p1] done.
[p1] processing message...
[print-p1] {id='6f409b86-b637-4a3b-8645-334bc7bd978d', payload={timestamp=1776753791994, inputPort=in, tick=104}, timestamp=2026-04-21T15:43:11.994892}
[p1] done.
[p2] processing message...
[print-p2] {id='94d10541-ca12-4d2f-86c2-e54af923a3dd', payload={timestamp=1776753791997, inputPort=in, tick=52}, timestamp=2026-04-21T15:43:11.997491}
[p2] done.
[p1] processing message...
[print-p1] {id='ac090472-5c5f-47b4-95f1-50144da0040c', payload={timestamp=1776753792004, inputPort=in, tick=104}, timestamp=2026-04-21T15:43:12.004732}
[p1] done.
[p1] processing message...
[print-p1] {id='727cb078-0b89-40a2-a48c-5ee462be3609', payload={timestamp=1776753792495, inputPort=in, tick=105}, timestamp=2026-04-21T15:43:12.495278}
[p1] done.
[p1] processing message...
[print-p1] {id='46da8c73-2569-4ff1-bf5a-6e441e6bef58', payload={timestamp=1776753792502, inputPort=in, tick=105}, timestamp=2026-04-21T15:43:12.502661}
[p1] done.
[p1] processing message...
[print-p1] {id='cc445051-34fd-429d-9457-893e86b8431d', payload={timestamp=1776753792990, inputPort=in, tick=106}, timestamp=2026-04-21T15:43:12.990911}
[p1] done.
[p2] processing message...
[print-p2] {id='b85bb2da-a850-435a-9c95-39365f42a646', payload={timestamp=1776753792994, inputPort=in, tick=53}, timestamp=2026-04-21T15:43:12.994132}
[p2] done.
[p1] processing message...
[print-p1] {id='bee2ffc6-ad24-4798-ac5d-9de97edc6d50', payload={timestamp=1776753793004, inputPort=in, tick=106}, timestamp=2026-04-21T15:43:13.004310}
[p1] done.
[p1] processing message...
[print-p1] {id='7a65a600-2f72-41ac-b353-a0bd5b97a2c3', payload={timestamp=1776753793495, inputPort=in, tick=107}, timestamp=2026-04-21T15:43:13.495275}
[p1] done.
[p1] processing message...
[print-p1] {id='4fbe5b8e-20c0-41a8-8855-8f3e01f61a13', payload={timestamp=1776753793502, inputPort=in, tick=107}, timestamp=2026-04-21T15:43:13.502370}
[p1] done.
[p1] processing message...
[print-p1] {id='02491e1c-df2c-4316-b2f6-7cbbcd1c1e56', payload={timestamp=1776753793995, inputPort=in, tick=108}, timestamp=2026-04-21T15:43:13.995320}
[p1] done.
[p2] processing message...
[print-p2] {id='4f3e5cd3-b63c-48f5-931c-6fd719aa5a05', payload={timestamp=1776753793995, inputPort=in, tick=54}, timestamp=2026-04-21T15:43:13.995926}
[p2] done.
[p1] processing message...
[print-p1] {id='bdc42e30-a4d6-4b00-b865-414039a89ed2', payload={timestamp=1776753794004, inputPort=in, tick=108}, timestamp=2026-04-21T15:43:14.004653}
[p1] done.
[p1] processing message...
[print-p1] {id='3df80452-ef9a-4d2f-b571-3ea2c77a3380', payload={timestamp=1776753794490, inputPort=in, tick=109}, timestamp=2026-04-21T15:43:14.490790}
[p1] done.
[p1] processing message...
[print-p1] {id='6141b049-afa7-4de6-a59e-b839c7bd4ac1', payload={timestamp=1776753794501, inputPort=in, tick=109}, timestamp=2026-04-21T15:43:14.501636}
[p1] done.
[p1] processing message...
[print-p1] {id='e17ee43b-2915-4221-8192-e97bf2914d27', payload={timestamp=1776753794991, inputPort=in, tick=110}, timestamp=2026-04-21T15:43:14.991848}
[p1] done.
[p2] processing message...
[print-p2] {id='c8b06f1c-a365-463b-8959-1f89f5766241', payload={timestamp=1776753794998, inputPort=in, tick=55}, timestamp=2026-04-21T15:43:14.998167}
[p2] done.
[p1] processing message...
[print-p1] {id='db8e549e-1d76-44e2-9a92-1fa306666133', payload={timestamp=1776753795002, inputPort=in, tick=110}, timestamp=2026-04-21T15:43:15.002447}
[p1] done.
[p1] processing message...
[print-p1] {id='fd7c3168-8b6b-4bcd-bc2a-32cbf0ba0705', payload={timestamp=1776753795491, inputPort=in, tick=111}, timestamp=2026-04-21T15:43:15.491286}
[p1] done.
[p1] processing message...
[print-p1] {id='a8f169bb-2330-4cdd-9d99-4e4c44e5b7c0', payload={timestamp=1776753795504, inputPort=in, tick=111}, timestamp=2026-04-21T15:43:15.504939}
[p1] done.
[p1] processing message...
[print-p1] {id='ffe43aae-6b32-4f34-af19-3820c9eb2af0', payload={timestamp=1776753795995, inputPort=in, tick=112}, timestamp=2026-04-21T15:43:15.995294}
[p1] done.
[p2] processing message...
[print-p2] {id='a6ca68eb-0947-4eda-acf6-0117224132b8', payload={timestamp=1776753795998, inputPort=in, tick=56}, timestamp=2026-04-21T15:43:15.998688}
[p2] done.
[p1] processing message...
[print-p1] {id='8ea39b0b-4418-4cac-aa70-fca88b17c237', payload={timestamp=1776753796001, inputPort=in, tick=112}, timestamp=2026-04-21T15:43:16.001724}
[p1] done.
[p1] processing message...
[print-p1] {id='957a4c76-f7fb-4764-a38c-dad6d6c379f8', payload={timestamp=1776753796492, inputPort=in, tick=113}, timestamp=2026-04-21T15:43:16.492256}
[p1] done.
[p1] processing message...
[print-p1] {id='5ce702ea-a956-403c-8981-68f0ef2410ad', payload={timestamp=1776753796503, inputPort=in, tick=113}, timestamp=2026-04-21T15:43:16.503545}
[p1] done.
[p1] processing message...
[print-p1] {id='fba3654f-bf0c-4fa2-a7d8-ab6697a80525', payload={timestamp=1776753796995, inputPort=in, tick=114}, timestamp=2026-04-21T15:43:16.995652}
[p1] done.
[p2] processing message...
[print-p2] {id='968fa4ac-10dc-4f09-8c92-67c121b575f0', payload={timestamp=1776753796998, inputPort=in, tick=57}, timestamp=2026-04-21T15:43:16.999047}
[p2] done.
[p1] processing message...
[print-p1] {id='e0a517bb-1728-4974-b4dd-953ff02cb5d9', payload={timestamp=1776753797004, inputPort=in, tick=114}, timestamp=2026-04-21T15:43:17.005153}
[p1] done.
[p1] processing message...
[print-p1] {id='ff069a64-6045-4d0e-9c84-9b1f0fed9493', payload={timestamp=1776753797494, inputPort=in, tick=115}, timestamp=2026-04-21T15:43:17.494523}
[p1] done.
[p1] processing message...
[print-p1] {id='4de3b245-509a-4f30-bbd3-c008cc836252', payload={timestamp=1776753797505, inputPort=in, tick=115}, timestamp=2026-04-21T15:43:17.529054}
[p1] done.
[p1] processing message...
[print-p1] {id='1ebe1477-7231-4bec-b1be-f55ff4e63c57', payload={timestamp=1776753797991, inputPort=in, tick=116}, timestamp=2026-04-21T15:43:17.991665}
[p1] done.
[p2] processing message...
[print-p2] {id='4b3a613e-4beb-4f45-baf1-68cffba436b3', payload={timestamp=1776753797995, inputPort=in, tick=58}, timestamp=2026-04-21T15:43:17.995173}
[p2] done.
[p1] processing message...
[print-p1] {id='67e3e98b-978d-4332-8276-0266aed73cea', payload={timestamp=1776753798000, inputPort=in, tick=116}, timestamp=2026-04-21T15:43:18.000659}
[p1] done.
[p1] processing message...
[print-p1] {id='5bfa2afe-ea31-47ac-a098-7702602cdf2d', payload={timestamp=1776753798494, inputPort=in, tick=117}, timestamp=2026-04-21T15:43:18.494705}
[p1] done.
[p1] processing message...
[print-p1] {id='13a90b1d-6c43-4b6c-a098-e9ba76b23790', payload={timestamp=1776753798500, inputPort=in, tick=117}, timestamp=2026-04-21T15:43:18.500490}
[p1] done.
[p1] processing message...
[print-p1] {id='a4d88e64-f221-4d66-b638-a286b7cdc18f', payload={timestamp=1776753798993, inputPort=in, tick=118}, timestamp=2026-04-21T15:43:18.994296}
[p1] done.
[p2] processing message...
[print-p2] {id='6e83f609-94b6-4a98-ac96-712d21f4c8c4', payload={timestamp=1776753798999, inputPort=in, tick=59}, timestamp=2026-04-21T15:43:18.999303}
[p2] done.
[p1] processing message...
[print-p1] {id='4855811b-7e19-451e-8c91-3f98c5926bfa', payload={timestamp=1776753799004, inputPort=in, tick=118}, timestamp=2026-04-21T15:43:19.004170}
[p1] done.
[p1] processing message...
[print-p1] {id='9ca7ca4c-5fd2-45ff-beab-90796f180446', payload={timestamp=1776753799495, inputPort=in, tick=119}, timestamp=2026-04-21T15:43:19.495344}
[p1] done.
[p1] processing message...
[print-p1] {id='742a3f5c-674e-40da-a8e9-b405a9a88ae0', payload={timestamp=1776753799504, inputPort=in, tick=119}, timestamp=2026-04-21T15:43:19.504948}
[p1] done.
[p2] processing message...
[print-p2] {id='7e7ad070-5827-42ec-ae9e-332337170651', payload={timestamp=1776753799994, inputPort=in, tick=60}, timestamp=2026-04-21T15:43:19.994951}
[p2] done.
[p1] processing message...
[print-p1] {id='07178c5c-c6e0-4fcd-b053-140733bacd6c', payload={timestamp=1776753799995, inputPort=in, tick=120}, timestamp=2026-04-21T15:43:19.995215}
[p1] done.
[p1] processing message...
[print-p1] {id='e6788b72-4aed-4704-9db1-ee4c9c3b5e0b', payload={timestamp=1776753800004, inputPort=in, tick=120}, timestamp=2026-04-21T15:43:20.004943}
[p1] done.
[p1] processing message...
[print-p1] {id='5fea1d18-56d0-4a64-b3e8-7ed3be5d9050', payload={timestamp=1776753800495, inputPort=in, tick=121}, timestamp=2026-04-21T15:43:20.495260}
[p1] done.
[p1] processing message...
[print-p1] {id='98ef983c-0641-4cc8-92b0-7692cabf9d87', payload={timestamp=1776753800503, inputPort=in, tick=121}, timestamp=2026-04-21T15:43:20.503543}
[p1] done.
[p1] processing message...
[print-p1] {id='4ca7058d-f7fb-42e5-a751-2e0ff16e09b0', payload={timestamp=1776753800993, inputPort=in, tick=122}, timestamp=2026-04-21T15:43:20.994061}
[p1] done.
[p2] processing message...
[print-p2] {id='e2eb3c66-b827-4b3b-8285-75c532bb8862', payload={timestamp=1776753800998, inputPort=in, tick=61}, timestamp=2026-04-21T15:43:20.999067}
[p2] done.
[p1] processing message...
[print-p1] {id='71ba9e55-7f7b-43c0-af79-1c1bfeb4dece', payload={timestamp=1776753801000, inputPort=in, tick=122}, timestamp=2026-04-21T15:43:21.000902}
[p1] done.
[p1] processing message...
[print-p1] {id='a1e7407d-dbf8-437e-b8ce-ecdcc7a767d1', payload={timestamp=1776753801495, inputPort=in, tick=123}, timestamp=2026-04-21T15:43:21.495311}
[p1] done.
[p1] processing message...
[print-p1] {id='b950ee49-b80d-4331-92e9-5ce5ff4e4897', payload={timestamp=1776753801502, inputPort=in, tick=123}, timestamp=2026-04-21T15:43:21.502769}
[p1] done.
[p1] processing message...
[p2] processing message...
[print-p1] {id='1f98a761-98b6-4757-886b-6108ea17acd4', payload={timestamp=1776753801995, inputPort=in, tick=124}, timestamp=2026-04-21T15:43:21.995278}
[p1] done.
[print-p2] {id='04d6cc59-6942-4a06-8c40-ffcfbd4237fa', payload={timestamp=1776753801995, inputPort=in, tick=62}, timestamp=2026-04-21T15:43:21.995291}
[p2] done.
[p1] processing message...
[print-p1] {id='5a4ff5bd-d7a8-4245-8482-72c2f841f936', payload={timestamp=1776753802004, inputPort=in, tick=124}, timestamp=2026-04-21T15:43:22.004930}
[p1] done.
[p1] processing message...
[print-p1] {id='e63ea50b-dfda-4f37-b10e-338b823a889d', payload={timestamp=1776753802494, inputPort=in, tick=125}, timestamp=2026-04-21T15:43:22.495001}
[p1] done.
[p1] processing message...
[print-p1] {id='9eafef9a-cd5a-4351-8b49-24dcb3bbdb3f', payload={timestamp=1776753802504, inputPort=in, tick=125}, timestamp=2026-04-21T15:43:22.504591}
[p1] done.
[p1] processing message...
[print-p1] {id='5e726cc6-7884-41f0-bfba-4840f56de9a2', payload={timestamp=1776753802991, inputPort=in, tick=126}, timestamp=2026-04-21T15:43:22.991690}
[p1] done.
[p2] processing message...
[print-p2] {id='fb974fc4-7c44-481f-a874-df50a1863e7e', payload={timestamp=1776753802998, inputPort=in, tick=63}, timestamp=2026-04-21T15:43:22.999028}
[p2] done.
[p1] processing message...
[print-p1] {id='b7fb09da-b87a-492d-9367-e4645f0a022c', payload={timestamp=1776753803000, inputPort=in, tick=126}, timestamp=2026-04-21T15:43:23.000035}
[p1] done.
[p1] processing message...
[print-p1] {id='4e175983-42f6-4859-a225-4b8efc7f1e86', payload={timestamp=1776753803494, inputPort=in, tick=127}, timestamp=2026-04-21T15:43:23.495168}
[p1] done.
[p1] processing message...
[print-p1] {id='ebd0b04f-f9e2-429d-b1ad-830f4ddff049', payload={timestamp=1776753803504, inputPort=in, tick=127}, timestamp=2026-04-21T15:43:23.505206}
[p1] done.
[p1] processing message...
[print-p1] {id='97b0d10f-dad3-4180-bb28-94cb6c43018e', payload={timestamp=1776753803992, inputPort=in, tick=128}, timestamp=2026-04-21T15:43:23.993225}
[p1] done.
[p2] processing message...
[print-p2] {id='95e4d88e-7a66-4d0e-b84c-414c40d813e0', payload={timestamp=1776753803996, inputPort=in, tick=64}, timestamp=2026-04-21T15:43:23.996771}
[p2] done.
[p1] processing message...
[print-p1] {id='2afeebfc-ee58-48e3-866b-4fa44ce3affe', payload={timestamp=1776753803999, inputPort=in, tick=128}, timestamp=2026-04-21T15:43:24.000031}
[p1] done.
[p1] processing message...
[print-p1] {id='85ca406d-36a8-4308-a111-3f381bffdbcf', payload={timestamp=1776753804490, inputPort=in, tick=129}, timestamp=2026-04-21T15:43:24.490881}
[p1] done.
[p1] processing message...
[print-p1] {id='e27f9498-225c-4ba1-8548-0b7c58fcdb10', payload={timestamp=1776753804502, inputPort=in, tick=129}, timestamp=2026-04-21T15:43:24.502900}
[p1] done.
[p1] processing message...
[print-p1] {id='282ee66d-64d2-424f-a12b-2640678c396f', payload={timestamp=1776753804991, inputPort=in, tick=130}, timestamp=2026-04-21T15:43:24.991286}
[p1] done.
[p2] processing message...
[print-p2] {id='a8729323-864d-4460-a977-a267adcfe6b8', payload={timestamp=1776753804994, inputPort=in, tick=65}, timestamp=2026-04-21T15:43:24.994740}
[p2] done.
[p1] processing message...
[print-p1] {id='44226699-0fb3-4bcd-b17e-caee79d41854', payload={timestamp=1776753805004, inputPort=in, tick=130}, timestamp=2026-04-21T15:43:25.004971}
[p1] done.
[p1] processing message...
[print-p1] {id='ea1af8e9-8250-4362-83c2-d6db5bcc2a73', payload={timestamp=1776753805495, inputPort=in, tick=131}, timestamp=2026-04-21T15:43:25.495338}
[p1] done.
[p1] processing message...
[print-p1] {id='c426c609-6ebe-4c15-a814-4b79d062687b', payload={timestamp=1776753805504, inputPort=in, tick=131}, timestamp=2026-04-21T15:43:25.504951}
[p1] done.
[p1] processing message...
[print-p1] {id='9d2cee0d-23bd-425d-9e80-7b6a61395518', payload={timestamp=1776753805995, inputPort=in, tick=132}, timestamp=2026-04-21T15:43:25.995361}
[p1] done.
[p2] processing message...
[print-p2] {id='5e3048ad-3548-4030-b093-0e564f858edd', payload={timestamp=1776753805998, inputPort=in, tick=66}, timestamp=2026-04-21T15:43:25.998518}
[p2] done.
[p1] processing message...
[print-p1] {id='48472727-81eb-413d-a7b9-772e02084349', payload={timestamp=1776753806004, inputPort=in, tick=132}, timestamp=2026-04-21T15:43:26.004971}
[p1] done.
[p1] processing message...
[print-p1] {id='a422337a-6f57-44a9-a978-a099d71624d9', payload={timestamp=1776753806491, inputPort=in, tick=133}, timestamp=2026-04-21T15:43:26.491225}
[p1] done.
[p1] processing message...
[print-p1] {id='3b2896a2-3dde-4806-abab-9505644a7093', payload={timestamp=1776753806504, inputPort=in, tick=133}, timestamp=2026-04-21T15:43:26.504888}
[p1] done.
[p1] processing message...
[print-p1] {id='a5843b80-443a-4cdd-b269-54ecaf5c7f65', payload={timestamp=1776753806990, inputPort=in, tick=134}, timestamp=2026-04-21T15:43:26.990565}
[p1] done.
[p2] processing message...
[print-p2] {id='27347f8b-595f-4c55-b93a-0a325b6fac13', payload={timestamp=1776753806999, inputPort=in, tick=67}, timestamp=2026-04-21T15:43:26.999129}
[p2] done.
[p1] processing message...
[print-p1] {id='3c6e0cbe-d833-49fc-8d39-3cc4b93690ee', payload={timestamp=1776753807000, inputPort=in, tick=134}, timestamp=2026-04-21T15:43:27.000684}
[p1] done.
[p1] processing message...
[print-p1] {id='77c2c038-865a-464c-b82c-49ec03119abb', payload={timestamp=1776753807491, inputPort=in, tick=135}, timestamp=2026-04-21T15:43:27.491852}
[p1] done.
[p1] processing message...
[print-p1] {id='70c4598a-c1ef-4c5b-8aa1-86a07dafed0d', payload={timestamp=1776753807503, inputPort=in, tick=135}, timestamp=2026-04-21T15:43:27.503692}
[p1] done.
[p1] processing message...
[print-p1] {id='8e0d85c8-76fe-4eae-a8e4-abe46c3ffbea', payload={timestamp=1776753807995, inputPort=in, tick=136}, timestamp=2026-04-21T15:43:27.995345}
[p1] done.
[p2] processing message...
[print-p2] {id='a3b7bbe3-5e3c-4220-a20a-c262fce3c51e', payload={timestamp=1776753807999, inputPort=in, tick=68}, timestamp=2026-04-21T15:43:27.999070}
[p2] done.
[p1] processing message...
[print-p1] {id='63b9d555-6a79-4090-a80f-310d17462831', payload={timestamp=1776753808004, inputPort=in, tick=136}, timestamp=2026-04-21T15:43:28.004910}
[p1] done.
[p1] processing message...
[print-p1] {id='efabb5e7-97f2-40d6-8d28-7fe5247f4e28', payload={timestamp=1776753808495, inputPort=in, tick=137}, timestamp=2026-04-21T15:43:28.495139}
[p1] done.
[p1] processing message...
[print-p1] {id='f1efa818-3f50-40e9-ae63-96d09640e67a', payload={timestamp=1776753808504, inputPort=in, tick=137}, timestamp=2026-04-21T15:43:28.504887}
[p1] done.
[p1] processing message...
[print-p1] {id='aa296971-133a-49c5-be95-c129abb6298b', payload={timestamp=1776753808994, inputPort=in, tick=138}, timestamp=2026-04-21T15:43:28.994767}
[p1] done.
[p2] processing message...
[print-p2] {id='e332934d-a6f0-449c-a0af-cc09e3352bf6', payload={timestamp=1776753808994, inputPort=in, tick=69}, timestamp=2026-04-21T15:43:28.994875}
[p2] done.
[p1] processing message...
[print-p1] {id='92dd0e76-40e8-4247-b452-2611e58ace5c', payload={timestamp=1776753809001, inputPort=in, tick=138}, timestamp=2026-04-21T15:43:29.001205}
[p1] done.
[p1] processing message...
[print-p1] {id='81868185-d677-4ccc-afcb-24d83e2e5bd8', payload={timestamp=1776753809495, inputPort=in, tick=139}, timestamp=2026-04-21T15:43:29.495333}
[p1] done.
[p1] processing message...
[print-p1] {id='3b18cda2-82cd-4397-8fea-91e83173ecc2', payload={timestamp=1776753809504, inputPort=in, tick=139}, timestamp=2026-04-21T15:43:29.504918}
[p1] done.
[p1] processing message...
[print-p1] {id='db2f29d0-1c74-48e5-b42a-6884a8a2a120', payload={timestamp=1776753809991, inputPort=in, tick=140}, timestamp=2026-04-21T15:43:29.991403}
[p1] done.
[p2] processing message...
[print-p2] {id='7bdc00e4-37a4-440b-bce1-ac8658304cc4', payload={timestamp=1776753809998, inputPort=in, tick=70}, timestamp=2026-04-21T15:43:29.999108}
[p2] done.
[p1] processing message...
[print-p1] {id='ac1eafc3-7a46-4afb-af29-06147e46dc35', payload={timestamp=1776753810003, inputPort=in, tick=140}, timestamp=2026-04-21T15:43:30.003394}
[p1] done.
[p1] processing message...
[print-p1] {id='6678dc79-c7c4-4f22-a344-0fc70a895dfc', payload={timestamp=1776753810494, inputPort=in, tick=141}, timestamp=2026-04-21T15:43:30.494886}
[p1] done.
[p1] processing message...
[print-p1] {id='cc2bf1d7-35ba-44c4-8ce5-df51aadbbbf9', payload={timestamp=1776753810502, inputPort=in, tick=141}, timestamp=2026-04-21T15:43:30.502377}
[p1] done.
장기 테스트 중...
[p1] processing message...
[print-p1] {id='d4b713e8-4a94-4b1a-ac77-6dea29c03136', payload={timestamp=1776753810995, inputPort=in, tick=142}, timestamp=2026-04-21T15:43:30.995353}
[p1] done.
[p2] processing message...
[print-p2] {id='211f01cb-9c98-4458-9084-24a7dff28307', payload={timestamp=1776753810998, inputPort=in, tick=71}, timestamp=2026-04-21T15:43:30.998713}
[p2] done.
[p1] processing message...
[print-p1] {id='461d80eb-26e2-43e9-9dc6-498b7228172a', payload={timestamp=1776753811003, inputPort=in, tick=142}, timestamp=2026-04-21T15:43:31.003880}
[p1] done.
[p1] processing message...
[print-p1] {id='2238b73b-ab0f-4e4d-be78-1c3d926abf8f', payload={timestamp=1776753811491, inputPort=in, tick=143}, timestamp=2026-04-21T15:43:31.491506}
[p1] done.
[p1] processing message...
[print-p1] {id='52dd844d-4fb0-4b2c-9db8-6f3704f3623c', payload={timestamp=1776753811504, inputPort=in, tick=143}, timestamp=2026-04-21T15:43:31.504921}
[p1] done.
[p1] processing message...
[print-p1] {id='9ced227b-e770-4c77-b0c8-a5bb024c9f78', payload={timestamp=1776753811992, inputPort=in, tick=144}, timestamp=2026-04-21T15:43:31.992268}
[p1] done.
[p2] processing message...
[print-p2] {id='9c26ba95-cac3-4672-9305-0eb00f95629a', payload={timestamp=1776753811998, inputPort=in, tick=72}, timestamp=2026-04-21T15:43:31.998166}
[p2] done.
[p1] processing message...
[print-p1] {id='95fab57c-f8a9-48f8-af7f-3e337038e96c', payload={timestamp=1776753812000, inputPort=in, tick=144}, timestamp=2026-04-21T15:43:32.000393}
[p1] done.
[p1] processing message...
[print-p1] {id='c1797195-81c6-4b0c-8952-143d7cf942d5', payload={timestamp=1776753812495, inputPort=in, tick=145}, timestamp=2026-04-21T15:43:32.495345}
[p1] done.
[p1] processing message...
[print-p1] {id='4780fa92-9925-4d69-a8ef-2e8cb1437d34', payload={timestamp=1776753812504, inputPort=in, tick=145}, timestamp=2026-04-21T15:43:32.504924}
[p1] done.
[p1] processing message...
[print-p1] {id='c69a4e8d-4dcb-4900-b36a-4f4dc56e4dad', payload={timestamp=1776753812995, inputPort=in, tick=146}, timestamp=2026-04-21T15:43:32.995807}
[p1] done.
[p2] processing message...
[print-p2] {id='50913916-e926-4432-9220-5ca5625df961', payload={timestamp=1776753812999, inputPort=in, tick=73}, timestamp=2026-04-21T15:43:32.999342}
[p2] done.
[p1] processing message...
[print-p1] {id='77c45506-f5f4-47b7-94e3-140705b71ce2', payload={timestamp=1776753813000, inputPort=in, tick=146}, timestamp=2026-04-21T15:43:33.000835}
[p1] done.
[p1] processing message...
[print-p1] {id='10567e6a-eaad-4ffe-9e9a-936ddc491b4a', payload={timestamp=1776753813494, inputPort=in, tick=147}, timestamp=2026-04-21T15:43:33.496339}
[p1] done.
[p1] processing message...
[print-p1] {id='d916b0eb-e17c-4979-be6e-0e80f556e38a', payload={timestamp=1776753813503, inputPort=in, tick=147}, timestamp=2026-04-21T15:43:33.506836}
[p1] done.
[p1] processing message...
[print-p1] {id='0a85c653-5571-42a6-bbad-53e47404a357', payload={timestamp=1776753813991, inputPort=in, tick=148}, timestamp=2026-04-21T15:43:33.992406}
[p1] done.
[p2] processing message...
[print-p2] {id='efaa6ee9-9b06-4e29-bbd1-ca42faece5eb', payload={timestamp=1776753813997, inputPort=in, tick=74}, timestamp=2026-04-21T15:43:33.997362}
[p2] done.
[p1] processing message...
[print-p1] {id='9dd1b795-dca2-4360-9ec2-c624ef1aa3c5', payload={timestamp=1776753814001, inputPort=in, tick=148}, timestamp=2026-04-21T15:43:34.001958}
[p1] done.
[p1] processing message...
[print-p1] {id='5f977262-65e2-42ba-970b-db0c614075ec', payload={timestamp=1776753814495, inputPort=in, tick=149}, timestamp=2026-04-21T15:43:34.495409}
[p1] done.
[p1] processing message...
[print-p1] {id='d931ece2-a6af-4784-b37a-4a4d5cf2aa87', payload={timestamp=1776753814501, inputPort=in, tick=149}, timestamp=2026-04-21T15:43:34.501841}
[p1] done.
[p1] processing message...
[print-p1] {id='ec1ba3a2-199d-4b92-9f01-2f9c2df30ef9', payload={timestamp=1776753814994, inputPort=in, tick=150}, timestamp=2026-04-21T15:43:34.996426}
[p1] done.
[p2] processing message...
[print-p2] {id='51389d03-324e-4770-9219-db6b96dd84ec', payload={timestamp=1776753814996, inputPort=in, tick=75}, timestamp=2026-04-21T15:43:34.996779}
[p2] done.
[p1] processing message...
[print-p1] {id='11828b78-30d0-439a-a7b5-72540059ca17', payload={timestamp=1776753815003, inputPort=in, tick=150}, timestamp=2026-04-21T15:43:35.003741}
[p1] done.
[p1] processing message...
[print-p1] {id='f91e4443-dda4-4709-84cb-1c8644d2eab5', payload={timestamp=1776753815492, inputPort=in, tick=151}, timestamp=2026-04-21T15:43:35.492283}
[p1] done.
[p1] processing message...
[print-p1] {id='acc81c6f-54dd-4c53-a03c-27c97208c102', payload={timestamp=1776753815504, inputPort=in, tick=151}, timestamp=2026-04-21T15:43:35.504644}
[p1] done.
[p1] processing message...
[print-p1] {id='2cc6ea77-7403-421e-9fd2-3c04ca50d7a8', payload={timestamp=1776753815990, inputPort=in, tick=152}, timestamp=2026-04-21T15:43:35.990579}
[p1] done.
[p2] processing message...
[print-p2] {id='9cb0d6aa-4bf0-4f28-a0e8-c339364db269', payload={timestamp=1776753815997, inputPort=in, tick=76}, timestamp=2026-04-21T15:43:35.997605}
[p2] done.
[p1] processing message...
[print-p1] {id='c8459d00-e3fc-486a-a5ba-70c361a066c9', payload={timestamp=1776753816002, inputPort=in, tick=152}, timestamp=2026-04-21T15:43:36.002200}
[p1] done.
[p1] processing message...
[print-p1] {id='1c508a8a-08b9-4f54-abd9-3b2344055e46', payload={timestamp=1776753816495, inputPort=in, tick=153}, timestamp=2026-04-21T15:43:36.495565}
[p1] done.
[p1] processing message...
[print-p1] {id='88b7ad64-691a-4068-b5e9-e135dcdb7bee', payload={timestamp=1776753816504, inputPort=in, tick=153}, timestamp=2026-04-21T15:43:36.504410}
[p1] done.
[p1] processing message...
[print-p1] {id='a98bd399-1d4f-4992-9620-210cf53611cf', payload={timestamp=1776753816993, inputPort=in, tick=154}, timestamp=2026-04-21T15:43:36.994061}
[p1] done.
[p2] processing message...
[print-p2] {id='e666ffec-6dfb-4019-8632-86ccfdde605e', payload={timestamp=1776753816998, inputPort=in, tick=77}, timestamp=2026-04-21T15:43:36.998647}
[p2] done.
[p1] processing message...
[print-p1] {id='a40c7579-0639-4317-81ca-c1f92cebae30', payload={timestamp=1776753817001, inputPort=in, tick=154}, timestamp=2026-04-21T15:43:37.001778}
[p1] done.
[p1] processing message...
[print-p1] {id='a28cffa3-c8b1-45d7-aef0-952763b4d9a4', payload={timestamp=1776753817493, inputPort=in, tick=155}, timestamp=2026-04-21T15:43:37.493920}
[p1] done.
[p1] processing message...
[print-p1] {id='e66b6001-6081-4e5b-9567-f692a46a897e', payload={timestamp=1776753817504, inputPort=in, tick=155}, timestamp=2026-04-21T15:43:37.504945}
[p1] done.
[p1] processing message...
[print-p1] {id='e3abd4e6-1b45-4cc9-a15c-a01c0124a921', payload={timestamp=1776753817993, inputPort=in, tick=156}, timestamp=2026-04-21T15:43:37.993508}
[p1] done.
[p2] processing message...
[print-p2] {id='8a4c328c-4844-4026-b909-3569a673372b', payload={timestamp=1776753817999, inputPort=in, tick=78}, timestamp=2026-04-21T15:43:37.999034}
[p2] done.
[p1] processing message...
[print-p1] {id='bc7e2a3b-7977-46cd-ba17-82d493bffbe3', payload={timestamp=1776753818003, inputPort=in, tick=156}, timestamp=2026-04-21T15:43:38.003691}
[p1] done.
[p1] processing message...
[print-p1] {id='7c75d7ad-2294-4c5a-b44e-82f54939516d', payload={timestamp=1776753818495, inputPort=in, tick=157}, timestamp=2026-04-21T15:43:38.495353}
[p1] done.
[p1] processing message...
[print-p1] {id='5d471606-cbdd-48c1-9877-94f676c64d57', payload={timestamp=1776753818501, inputPort=in, tick=157}, timestamp=2026-04-21T15:43:38.501387}
[p1] done.
[p1] processing message...
[print-p1] {id='b57e107d-9fec-4aaa-ad4b-c638b23fc84c', payload={timestamp=1776753818994, inputPort=in, tick=158}, timestamp=2026-04-21T15:43:38.994100}
[p1] done.
[p2] processing message...
[print-p2] {id='77722c1e-1f78-46f1-9548-4d4dac79850e', payload={timestamp=1776753818998, inputPort=in, tick=79}, timestamp=2026-04-21T15:43:38.998446}
[p2] done.
[p1] processing message...
[print-p1] {id='db6dc210-94b5-4c89-994c-9d609290eb91', payload={timestamp=1776753819004, inputPort=in, tick=158}, timestamp=2026-04-21T15:43:39.004938}
[p1] done.
[p1] processing message...
[print-p1] {id='d36ba536-9655-4d1e-b6ec-3563bf6b31b4', payload={timestamp=1776753819490, inputPort=in, tick=159}, timestamp=2026-04-21T15:43:39.490747}
[p1] done.
[p1] processing message...
[print-p1] {id='776b0779-53ea-4018-a4d9-38277a9e6863', payload={timestamp=1776753819504, inputPort=in, tick=159}, timestamp=2026-04-21T15:43:39.504953}
[p1] done.
[p1] processing message...
[print-p1] {id='057d4a92-8ecb-42a0-bbd0-2ab1dd7e0a0a', payload={timestamp=1776753819990, inputPort=in, tick=160}, timestamp=2026-04-21T15:43:39.991107}
[p1] done.
[p2] processing message...
[print-p2] {id='3e63bd92-31a3-4675-a0b9-9a5414cfb6f5', payload={timestamp=1776753819999, inputPort=in, tick=80}, timestamp=2026-04-21T15:43:39.999072}
[p2] done.
[p1] processing message...
[print-p1] {id='5ace359d-d64c-4711-90dd-57ad1a7672c7', payload={timestamp=1776753820003, inputPort=in, tick=160}, timestamp=2026-04-21T15:43:40.003296}
[p1] done.
[p1] processing message...
[print-p1] {id='55b658a9-b52d-4fa8-9f5e-bd6d6ed21e8d', payload={timestamp=1776753820494, inputPort=in, tick=161}, timestamp=2026-04-21T15:43:40.494521}
[p1] done.
[p1] processing message...
[print-p1] {id='a0992773-38a1-48a2-b710-e406a904e558', payload={timestamp=1776753820504, inputPort=in, tick=161}, timestamp=2026-04-21T15:43:40.505110}
[p1] done.
[p1] processing message...
[print-p1] {id='59c50968-6218-4994-b4ac-a0a3210260e2', payload={timestamp=1776753820994, inputPort=in, tick=162}, timestamp=2026-04-21T15:43:40.994655}
[p1] done.
[p2] processing message...
[print-p2] {id='99a6c627-2279-41bd-90b0-5185c17476fc', payload={timestamp=1776753820996, inputPort=in, tick=81}, timestamp=2026-04-21T15:43:40.996395}
[p2] done.
[p1] processing message...
[print-p1] {id='cc77085a-9abb-4838-8553-ea120bdbb740', payload={timestamp=1776753821001, inputPort=in, tick=162}, timestamp=2026-04-21T15:43:41.001926}
[p1] done.
[p1] processing message...
[print-p1] {id='37ab0cda-6122-422f-b4fc-1712e75e87cf', payload={timestamp=1776753821494, inputPort=in, tick=163}, timestamp=2026-04-21T15:43:41.494925}
[p1] done.
[p1] processing message...
[print-p1] {id='b90dfa4e-839c-4a7c-af9c-afec9ad29f34', payload={timestamp=1776753821503, inputPort=in, tick=163}, timestamp=2026-04-21T15:43:41.503790}
[p1] done.
[p1] processing message...
[print-p1] {id='f0cf2c15-3745-42b8-a10a-1011525312f6', payload={timestamp=1776753821995, inputPort=in, tick=164}, timestamp=2026-04-21T15:43:41.995457}
[p1] done.
[p2] processing message...
[print-p2] {id='d2f6fbf5-0c22-411c-b8b7-535c024909b2', payload={timestamp=1776753821995, inputPort=in, tick=82}, timestamp=2026-04-21T15:43:41.996011}
[p2] done.
[p1] processing message...
[print-p1] {id='4bcd1022-aebc-4d00-9fd3-34989b8beab1', payload={timestamp=1776753822004, inputPort=in, tick=164}, timestamp=2026-04-21T15:43:42.004950}
[p1] done.
[p1] processing message...
[print-p1] {id='53deced5-335f-47b1-8563-08bcb685c793', payload={timestamp=1776753822494, inputPort=in, tick=165}, timestamp=2026-04-21T15:43:42.495013}
[p1] done.
[p1] processing message...
[print-p1] {id='baa2fa5f-cca7-43ea-abcd-cf1810e3c0f8', payload={timestamp=1776753822501, inputPort=in, tick=165}, timestamp=2026-04-21T15:43:42.501655}
[p1] done.
[p1] processing message...
[print-p1] {id='f39fb786-a843-416c-905a-bfbba757e26c', payload={timestamp=1776753822993, inputPort=in, tick=166}, timestamp=2026-04-21T15:43:42.994357}
[p1] done.
[p2] processing message...
[print-p2] {id='b7b398f1-2058-4ef5-84a2-7567d3064924', payload={timestamp=1776753822999, inputPort=in, tick=83}, timestamp=2026-04-21T15:43:42.999128}
[p2] done.
[p1] processing message...
[print-p1] {id='91a1b78d-11f6-4e29-bb73-99a4bdc9aca3', payload={timestamp=1776753823004, inputPort=in, tick=166}, timestamp=2026-04-21T15:43:43.005060}
[p1] done.
[p1] processing message...
[print-p1] {id='eb138ca2-7aa1-4af7-b831-a19d294938d0', payload={timestamp=1776753823494, inputPort=in, tick=167}, timestamp=2026-04-21T15:43:43.495280}
[p1] done.
[p1] processing message...
[print-p1] {id='c593301b-9721-4335-960a-48ad147f4717', payload={timestamp=1776753823504, inputPort=in, tick=167}, timestamp=2026-04-21T15:43:43.504858}
[p1] done.
[p1] processing message...
[print-p1] {id='2d00acd6-adc8-4fae-b941-d49c67908366', payload={timestamp=1776753823992, inputPort=in, tick=168}, timestamp=2026-04-21T15:43:43.992516}
[p1] done.
[p2] processing message...
[print-p2] {id='37d4f36e-682a-4029-9f7f-cf4d576de915', payload={timestamp=1776753823997, inputPort=in, tick=84}, timestamp=2026-04-21T15:43:43.997508}
[p2] done.
[p1] processing message...
[print-p1] {id='94e2f348-d94a-44c9-bde1-44aee8f62e70', payload={timestamp=1776753824002, inputPort=in, tick=168}, timestamp=2026-04-21T15:43:44.003039}
[p1] done.
[p1] processing message...
[print-p1] {id='4707fd5c-446a-428a-ae16-6b31136f3426', payload={timestamp=1776753824494, inputPort=in, tick=169}, timestamp=2026-04-21T15:43:44.494536}
[p1] done.
[p1] processing message...
[print-p1] {id='2e892e45-5e3c-4c0a-be25-a2c5ff2c10ec', payload={timestamp=1776753824500, inputPort=in, tick=169}, timestamp=2026-04-21T15:43:44.500425}
[p1] done.
[p1] processing message...
[print-p1] {id='7c348819-d593-4b94-8349-ad75d23a94c4', payload={timestamp=1776753824995, inputPort=in, tick=170}, timestamp=2026-04-21T15:43:44.995763}
[p1] done.
[p2] processing message...
[print-p2] {id='1288a5d7-514d-49d5-a95b-6d9d787b822e', payload={timestamp=1776753824997, inputPort=in, tick=85}, timestamp=2026-04-21T15:43:44.997373}
[p2] done.
[p1] processing message...
[print-p1] {id='e711dfa5-bb34-47c2-8015-7e408d1d3084', payload={timestamp=1776753825005, inputPort=in, tick=170}, timestamp=2026-04-21T15:43:45.005343}
[p1] done.
[p1] processing message...
[print-p1] {id='3d469e83-2b4f-4d67-afc6-283272e05a51', payload={timestamp=1776753825491, inputPort=in, tick=171}, timestamp=2026-04-21T15:43:45.491150}
[p1] done.
[p1] processing message...
[print-p1] {id='05c074cd-6925-4094-83a3-89bbe78ede7c', payload={timestamp=1776753825502, inputPort=in, tick=171}, timestamp=2026-04-21T15:43:45.503068}
[p1] done.
[p1] processing message...
[print-p1] {id='3a243e32-b2c6-4b42-8e6b-d9a4c67dadbf', payload={timestamp=1776753825995, inputPort=in, tick=172}, timestamp=2026-04-21T15:43:45.995504}
[p1] done.
[p2] processing message...
[print-p2] {id='28b5d280-9682-47ac-82de-b289b991a9e4', payload={timestamp=1776753825995, inputPort=in, tick=86}, timestamp=2026-04-21T15:43:45.995970}
[p2] done.
[p1] processing message...
[print-p1] {id='2c9fecd4-a975-4c37-83f4-894adfd1d264', payload={timestamp=1776753826003, inputPort=in, tick=172}, timestamp=2026-04-21T15:43:46.003103}
[p1] done.
[p1] processing message...
[print-p1] {id='de0d375b-b8d1-465f-90e2-b1f1c17563e7', payload={timestamp=1776753826495, inputPort=in, tick=173}, timestamp=2026-04-21T15:43:46.495356}
[p1] done.
[p1] processing message...
[print-p1] {id='e0d41f2a-5aca-41a0-b474-ce3e737be45b', payload={timestamp=1776753826502, inputPort=in, tick=173}, timestamp=2026-04-21T15:43:46.502371}
[p1] done.
[p1] processing message...
[print-p1] {id='100a930e-a942-4cb2-98c7-44dd785dcfe5', payload={timestamp=1776753826990, inputPort=in, tick=174}, timestamp=2026-04-21T15:43:46.990787}
[p1] done.
[p2] processing message...
[print-p2] {id='ae5158c2-d5b7-4e14-afde-d0b1da694041', payload={timestamp=1776753826998, inputPort=in, tick=87}, timestamp=2026-04-21T15:43:46.998770}
[p2] done.
[p1] processing message...
[print-p1] {id='6ef9f5e1-fc7d-4745-9369-c03b4ff8f3df', payload={timestamp=1776753827004, inputPort=in, tick=174}, timestamp=2026-04-21T15:43:47.004981}
[p1] done.
[p1] processing message...
[print-p1] {id='f0a3a209-fe27-408f-8baf-fc9e4faa67eb', payload={timestamp=1776753827495, inputPort=in, tick=175}, timestamp=2026-04-21T15:43:47.495381}
[p1] done.
[p1] processing message...
[print-p1] {id='bd62edb9-293f-4693-8260-920cf43c0248', payload={timestamp=1776753827502, inputPort=in, tick=175}, timestamp=2026-04-21T15:43:47.502662}
[p1] done.
[p2] processing message...
[print-p2] {id='a8a47292-3223-4d55-9aba-bf705016ecd3', payload={timestamp=1776753827995, inputPort=in, tick=88}, timestamp=2026-04-21T15:43:47.995336}
[p2] done.
[p1] processing message...
[print-p1] {id='70304ced-1548-43be-a8e5-3c80a1c3da89', payload={timestamp=1776753827995, inputPort=in, tick=176}, timestamp=2026-04-21T15:43:47.995336}
[p1] done.
[p1] processing message...
[print-p1] {id='8d7cc2e1-f835-47e2-9803-97a372b15aa2', payload={timestamp=1776753828002, inputPort=in, tick=176}, timestamp=2026-04-21T15:43:48.002636}
[p1] done.
[p1] processing message...
[print-p1] {id='cc17dc41-4d59-4fe1-b7a0-349a67b8f920', payload={timestamp=1776753828491, inputPort=in, tick=177}, timestamp=2026-04-21T15:43:48.492}
[p1] done.
[p1] processing message...
[print-p1] {id='ac3254a1-020d-4421-b17a-0661096b6eb3', payload={timestamp=1776753828504, inputPort=in, tick=177}, timestamp=2026-04-21T15:43:48.504967}
[p1] done.
[p1] processing message...
[print-p1] {id='9c22ddf3-f0a1-4184-af5c-e6d6792ddbaf', payload={timestamp=1776753828994, inputPort=in, tick=178}, timestamp=2026-04-21T15:43:48.994374}
[p1] done.
[p2] processing message...
[print-p2] {id='07a9010f-06fd-46c8-b31e-4943001b2585', payload={timestamp=1776753828998, inputPort=in, tick=89}, timestamp=2026-04-21T15:43:48.998561}
[p2] done.
[p1] processing message...
[print-p1] {id='e0360470-d6e0-42d4-ad30-113ded1dbcd8', payload={timestamp=1776753829004, inputPort=in, tick=178}, timestamp=2026-04-21T15:43:49.005027}
[p1] done.
[p1] processing message...
[print-p1] {id='f371229e-ece6-40e3-8301-a5212254647b', payload={timestamp=1776753829490, inputPort=in, tick=179}, timestamp=2026-04-21T15:43:49.490527}
[p1] done.
[p1] processing message...
[print-p1] {id='fe669fa4-c946-42cd-b588-06babbf4dc2b', payload={timestamp=1776753829504, inputPort=in, tick=179}, timestamp=2026-04-21T15:43:49.505055}
[p1] done.
[p1] processing message...
[print-p1] {id='7895410d-ce96-41df-92de-f8f128e5a19c', payload={timestamp=1776753829990, inputPort=in, tick=180}, timestamp=2026-04-21T15:43:49.991063}
[p1] done.
[p2] processing message...
[print-p2] {id='99c10b93-86eb-4846-aad3-375e92eb8e23', payload={timestamp=1776753829999, inputPort=in, tick=90}, timestamp=2026-04-21T15:43:49.999664}
[p2] done.
[p1] processing message...
[print-p1] {id='39be9e98-b02c-4637-82d8-dda8c07858a1', payload={timestamp=1776753830010, inputPort=in, tick=180}, timestamp=2026-04-21T15:43:50.010595}
[p1] done.
[p1] processing message...
[print-p1] {id='e3a111c5-e7ec-48ad-9308-84dc88b03d7d', payload={timestamp=1776753830492, inputPort=in, tick=181}, timestamp=2026-04-21T15:43:50.492402}
[p1] done.
[p1] processing message...
[print-p1] {id='3afea1db-9be8-481e-a3aa-25933b25dd5a', payload={timestamp=1776753830503, inputPort=in, tick=181}, timestamp=2026-04-21T15:43:50.503968}
[p1] done.
[p1] processing message...
[print-p1] {id='bdd70dcd-074a-409f-b6ef-7d581e1348a8', payload={timestamp=1776753830995, inputPort=in, tick=182}, timestamp=2026-04-21T15:43:50.995358}
[p1] done.
[p2] processing message...
[print-p2] {id='775f6521-7629-4038-a27a-654ff1887ee7', payload={timestamp=1776753830999, inputPort=in, tick=91}, timestamp=2026-04-21T15:43:50.999069}
[p2] done.
[p1] processing message...
[print-p1] {id='f1e8ac3a-67a8-4641-93f1-88973149ef8c', payload={timestamp=1776753831004, inputPort=in, tick=182}, timestamp=2026-04-21T15:43:51.004462}
[p1] done.
[p1] processing message...
[print-p1] {id='f11c6734-1f45-47c6-b6c2-216ba7ed2838', payload={timestamp=1776753831490, inputPort=in, tick=183}, timestamp=2026-04-21T15:43:51.490915}
[p1] done.
[p1] processing message...
[print-p1] {id='401ff962-a732-4a5c-8e6c-cc1ecdd56f37', payload={timestamp=1776753831504, inputPort=in, tick=183}, timestamp=2026-04-21T15:43:51.505010}
[p1] done.
[p1] processing message...
[print-p1] {id='b75c84b3-caa5-4a19-a893-c85c126bf9a0', payload={timestamp=1776753831993, inputPort=in, tick=184}, timestamp=2026-04-21T15:43:51.993363}
[p1] done.
[p2] processing message...
[print-p2] {id='5ebd99c8-54d2-498c-a2dc-4d071ef309c4', payload={timestamp=1776753831998, inputPort=in, tick=92}, timestamp=2026-04-21T15:43:51.998216}
[p2] done.
[p1] processing message...
[print-p1] {id='797fd842-04b2-4633-9972-3bd9d5629401', payload={timestamp=1776753831999, inputPort=in, tick=184}, timestamp=2026-04-21T15:43:51.999979}
[p1] done.
[p1] processing message...
[print-p1] {id='0ee64f9b-a1f7-4fb2-bc1f-3618e8e1da91', payload={timestamp=1776753832495, inputPort=in, tick=185}, timestamp=2026-04-21T15:43:52.495380}
[p1] done.
[p1] processing message...
[print-p1] {id='e2d36730-d7b9-46f8-a64c-562fe48ac3fc', payload={timestamp=1776753832504, inputPort=in, tick=185}, timestamp=2026-04-21T15:43:52.505008}
[p1] done.
[p1] processing message...
[print-p1] {id='a94ef7b4-1522-4e13-ba9f-c5fd70c26e8e', payload={timestamp=1776753832995, inputPort=in, tick=186}, timestamp=2026-04-21T15:43:52.995365}
[p1] done.
[p2] processing message...
[print-p2] {id='3b01c8f5-d6ad-43b6-8641-377305e0c277', payload={timestamp=1776753832996, inputPort=in, tick=93}, timestamp=2026-04-21T15:43:52.996922}
[p2] done.
[p1] processing message...
[print-p1] {id='fe1a96a1-f3ec-46c8-ae1b-e5e50ba28147', payload={timestamp=1776753833002, inputPort=in, tick=186}, timestamp=2026-04-21T15:43:53.002600}
[p1] done.
[p1] processing message...
[print-p1] {id='a395c20c-52b9-4760-b60e-d0d36727ec72', payload={timestamp=1776753833490, inputPort=in, tick=187}, timestamp=2026-04-21T15:43:53.490654}
[p1] done.
[p1] processing message...
[print-p1] {id='58c611f8-987d-4a69-b896-abb63388a66a', payload={timestamp=1776753833503, inputPort=in, tick=187}, timestamp=2026-04-21T15:43:53.503282}
[p1] done.
[p1] processing message...
[print-p1] {id='7647f288-aaa1-417a-b0df-a8e7ed2a3197', payload={timestamp=1776753833992, inputPort=in, tick=188}, timestamp=2026-04-21T15:43:53.992206}
[p1] done.
[p2] processing message...
[print-p2] {id='6123466f-a49b-459b-8f33-5c22db3a3b23', payload={timestamp=1776753833998, inputPort=in, tick=94}, timestamp=2026-04-21T15:43:53.998181}
[p2] done.
[p1] processing message...
[print-p1] {id='481c164c-637e-4177-84ef-86b9947bd6ba', payload={timestamp=1776753834004, inputPort=in, tick=188}, timestamp=2026-04-21T15:43:54.004998}
[p1] done.
[p1] processing message...
[print-p1] {id='5bc2d97c-4b40-4306-a009-1340683ab66f', payload={timestamp=1776753834493, inputPort=in, tick=189}, timestamp=2026-04-21T15:43:54.494666}
[p1] done.
[p1] processing message...
[...]
[print-p1] {id='1ba17509-f573-47d7-8c8d-769dee6e9ecc', payload={timestamp=1776754030503, inputPort=in, tick=581}, timestamp=2026-04-21T15:47:10.504096}
[p1] done.
[p1] processing message...
[print-p1] {id='725fea99-c611-489d-b491-d0436aeaebe9', payload={timestamp=1776754030992, inputPort=in, tick=582}, timestamp=2026-04-21T15:47:10.992258}
[p1] done.
[p2] processing message...
[print-p2] {id='3f7e8fc2-9973-46ad-956b-797f5f779b01', payload={timestamp=1776754030997, inputPort=in, tick=291}, timestamp=2026-04-21T15:47:10.998029}
[p2] done.
[p1] processing message...
[print-p1] {id='4bcb819a-4245-434a-a791-af83eafccf1f', payload={timestamp=1776754031005, inputPort=in, tick=582}, timestamp=2026-04-21T15:47:11.005466}
[p1] done.
[p1] processing message...
[print-p1] {id='fedc17bd-fdee-40c2-9466-7b320441be8c', payload={timestamp=1776754031495, inputPort=in, tick=583}, timestamp=2026-04-21T15:47:11.496364}
[p1] done.
[p1] processing message...
[print-p1] {id='e63fff99-38e0-4780-8809-a9aaff8d9beb', payload={timestamp=1776754031504, inputPort=in, tick=583}, timestamp=2026-04-21T15:47:11.505087}
[p1] done.
[p1] processing message...
[print-p1] {id='9bc89210-7f5a-4fe7-8556-3aa1c26f442c', payload={timestamp=1776754031993, inputPort=in, tick=584}, timestamp=2026-04-21T15:47:11.993780}
[p1] done.
[p2] processing message...
[print-p2] {id='e713b552-eff3-4c96-b972-1d02d475d052', payload={timestamp=1776754031997, inputPort=in, tick=292}, timestamp=2026-04-21T15:47:11.997137}
[p2] done.
[p1] processing message...
[print-p1] {id='80220462-efa1-448b-a291-75fc600b4931', payload={timestamp=1776754032003, inputPort=in, tick=584}, timestamp=2026-04-21T15:47:12.003563}
[p1] done.
[p1] processing message...
[print-p1] {id='f94e13f7-a5cf-42a3-af3e-b38ae399421a', payload={timestamp=1776754032492, inputPort=in, tick=585}, timestamp=2026-04-21T15:47:12.492892}
[p1] done.
[p1] processing message...
[print-p1] {id='9a49bef7-5c10-4972-a56c-5377b503e8c6', payload={timestamp=1776754032502, inputPort=in, tick=585}, timestamp=2026-04-21T15:47:12.502543}
[p1] done.
[p1] processing message...
[print-p1] {id='e8f8891a-6790-4b88-819b-4b826eafa517', payload={timestamp=1776754032992, inputPort=in, tick=586}, timestamp=2026-04-21T15:47:12.992214}
[p1] done.
[p2] processing message...
[print-p2] {id='0e537910-a9e5-46e8-a5b8-a20e4ab5c98f', payload={timestamp=1776754032999, inputPort=in, tick=293}, timestamp=2026-04-21T15:47:12.999192}
[p2] done.
[p1] processing message...
[print-p1] {id='8b6ce099-a86f-4df3-b438-9d09414ef992', payload={timestamp=1776754033005, inputPort=in, tick=586}, timestamp=2026-04-21T15:47:13.005597}
[p1] done.
[p1] processing message...
[print-p1] {id='996b9be4-bd7e-4a17-948e-4cf12753a242', payload={timestamp=1776754033495, inputPort=in, tick=587}, timestamp=2026-04-21T15:47:13.495797}
[p1] done.
[p1] processing message...
[print-p1] {id='ad2fd0e9-d512-4ed9-a333-c27e3cc7dd18', payload={timestamp=1776754033505, inputPort=in, tick=587}, timestamp=2026-04-21T15:47:13.505266}
[p1] done.
[p1] processing message...
[print-p1] {id='c213e2ba-ee2f-4302-b5b4-acfcf2345102', payload={timestamp=1776754033993, inputPort=in, tick=588}, timestamp=2026-04-21T15:47:13.994057}
[p1] done.
[p2] processing message...
[print-p2] {id='e792b610-a463-4b00-b2f4-d9f2572f9d8c', payload={timestamp=1776754033999, inputPort=in, tick=294}, timestamp=2026-04-21T15:47:13.999353}
[p2] done.
[p1] processing message...
[print-p1] {id='3332edca-6cf1-43ce-9951-dc0ebc3eeedf', payload={timestamp=1776754034002, inputPort=in, tick=588}, timestamp=2026-04-21T15:47:14.002180}
[p1] done.
[p1] processing message...
[print-p1] {id='38ca0ce9-64e2-4e29-b7f7-401aa46a440a', payload={timestamp=1776754034495, inputPort=in, tick=589}, timestamp=2026-04-21T15:47:14.496083}
[p1] done.
[p1] processing message...
[print-p1] {id='c55da723-281c-4f11-a5d1-e36c68d733ad', payload={timestamp=1776754034504, inputPort=in, tick=589}, timestamp=2026-04-21T15:47:14.504116}
[p1] done.
[p1] processing message...
[print-p1] {id='df932330-7ccb-4e71-a6b1-9fc77756d06b', payload={timestamp=1776754034995, inputPort=in, tick=590}, timestamp=2026-04-21T15:47:14.996110}
[p1] done.
[p2] processing message...
[print-p2] {id='f2b21ee8-5780-48df-b7ce-179fccd2ad26', payload={timestamp=1776754034997, inputPort=in, tick=295}, timestamp=2026-04-21T15:47:14.998036}
[p2] done.
[p1] processing message...
[print-p1] {id='d5d2bb72-883a-4a70-a782-9e8b14280dc7', payload={timestamp=1776754035005, inputPort=in, tick=590}, timestamp=2026-04-21T15:47:15.005602}
[p1] done.
[p1] processing message...
[print-p1] {id='1124a234-a60c-43ad-a0d2-71afb64ece05', payload={timestamp=1776754035493, inputPort=in, tick=591}, timestamp=2026-04-21T15:47:15.493994}
[p1] done.
[p1] processing message...
[print-p1] {id='bec93d07-16ca-47e4-97b4-b6f5d3d1ebce', payload={timestamp=1776754035505, inputPort=in, tick=591}, timestamp=2026-04-21T15:47:15.505563}
[p1] done.
[p1] processing message...
[print-p1] {id='d078e2e7-933e-44e6-8113-80975f9a5e6d', payload={timestamp=1776754035991, inputPort=in, tick=592}, timestamp=2026-04-21T15:47:15.991530}
[p1] done.
[p2] processing message...
[print-p2] {id='16790579-a7e0-452b-a6c7-5338d4df3d4c', payload={timestamp=1776754035999, inputPort=in, tick=296}, timestamp=2026-04-21T15:47:15.999696}
[p2] done.
[p1] processing message...
[print-p1] {id='4e67d4ef-0294-4ba1-84da-7842f10489ad', payload={timestamp=1776754036005, inputPort=in, tick=592}, timestamp=2026-04-21T15:47:16.005586}
[p1] done.
[p1] processing message...
[print-p1] {id='fc6ea655-d73f-4509-8dbc-276f1864957a', payload={timestamp=1776754036493, inputPort=in, tick=593}, timestamp=2026-04-21T15:47:16.493940}
[p1] done.
[p1] processing message...
[print-p1] {id='06a5679d-241f-4dbe-9d8c-fb62f845804c', payload={timestamp=1776754036500, inputPort=in, tick=593}, timestamp=2026-04-21T15:47:16.500962}
[p1] done.
[p1] processing message...
[print-p1] {id='ad8b1600-a93e-4a7e-ae1f-6335c3f93449', payload={timestamp=1776754036995, inputPort=in, tick=594}, timestamp=2026-04-21T15:47:16.995968}
[p1] done.
[p2] processing message...
[print-p2] {id='1dd67e43-9be6-4378-a8ca-162c0911b1d8', payload={timestamp=1776754036998, inputPort=in, tick=297}, timestamp=2026-04-21T15:47:16.998248}
[p2] done.
[p1] processing message...
[print-p1] {id='a08517cf-5684-41a7-a851-4c27edcdd618', payload={timestamp=1776754037002, inputPort=in, tick=594}, timestamp=2026-04-21T15:47:17.002388}
[p1] done.
[p1] processing message...
[print-p1] {id='1b75f11a-10cf-4c59-a263-8cf199b272e1', payload={timestamp=1776754037495, inputPort=in, tick=595}, timestamp=2026-04-21T15:47:17.495985}
[p1] done.
[p1] processing message...
[print-p1] {id='079aff9c-c191-45cf-a7ef-91ae6fa9faa8', payload={timestamp=1776754037505, inputPort=in, tick=595}, timestamp=2026-04-21T15:47:17.505578}
[p1] done.
[p1] processing message...
[print-p1] {id='ed40d7e4-8028-4cef-ab0b-b621347d760e', payload={timestamp=1776754037993, inputPort=in, tick=596}, timestamp=2026-04-21T15:47:17.993924}
[p1] done.
[p2] processing message...
[print-p2] {id='cca71253-5cbc-498e-9937-0e762c12b12a', payload={timestamp=1776754037999, inputPort=in, tick=298}, timestamp=2026-04-21T15:47:17.999074}
[p2] done.
[p1] processing message...
[print-p1] {id='00aaef66-5b4f-40c1-8faa-3f48afc75d1b', payload={timestamp=1776754038002, inputPort=in, tick=596}, timestamp=2026-04-21T15:47:18.002833}
[p1] done.
[p1] processing message...
[print-p1] {id='1172ddf9-12c6-4468-bf1a-fd9f9444a207', payload={timestamp=1776754038493, inputPort=in, tick=597}, timestamp=2026-04-21T15:47:18.493140}
[p1] done.
[p1] processing message...
[print-p1] {id='1203971c-dae8-4860-a404-cdeb2bc98fcf', payload={timestamp=1776754038501, inputPort=in, tick=597}, timestamp=2026-04-21T15:47:18.501363}
[p1] done.
[p1] processing message...
[print-p1] {id='aa2bdb45-c98d-475e-b276-d961f3fc8315', payload={timestamp=1776754038994, inputPort=in, tick=598}, timestamp=2026-04-21T15:47:18.994139}
[p1] done.
[p2] processing message...
[print-p2] {id='f35fdec8-ec03-491f-9198-064d6c1f588c', payload={timestamp=1776754038996, inputPort=in, tick=299}, timestamp=2026-04-21T15:47:18.996345}
[p2] done.
[p1] processing message...
[print-p1] {id='c32c2165-7d5b-4057-baa4-7b7cac721fac', payload={timestamp=1776754039002, inputPort=in, tick=598}, timestamp=2026-04-21T15:47:19.002288}
[p1] done.
[p1] processing message...
[print-p1] {id='f99d7f1e-ee32-47ef-a252-ed77cb0e3df5', payload={timestamp=1776754039495, inputPort=in, tick=599}, timestamp=2026-04-21T15:47:19.495945}
[p1] done.
[p1] processing message...
[print-p1] {id='76d46342-df25-4a19-9779-343e7e475b52', payload={timestamp=1776754039505, inputPort=in, tick=599}, timestamp=2026-04-21T15:47:19.505566}
[p1] done.
[p1] processing message...
[print-p1] {id='50d57856-ec8e-42d3-9543-6bee4b27bf48', payload={timestamp=1776754039991, inputPort=in, tick=600}, timestamp=2026-04-21T15:47:19.991892}
[p1] done.
[p2] processing message...
[print-p2] {id='4f4e2daf-e793-49d2-90a0-1e341a575920', payload={timestamp=1776754039994, inputPort=in, tick=300}, timestamp=2026-04-21T15:47:19.994970}
[p2] done.
[p1] processing message...
[print-p1] {id='fa205949-4018-4e76-9652-5ee089b6115c', payload={timestamp=1776754040001, inputPort=in, tick=600}, timestamp=2026-04-21T15:47:20.001254}
[p1] done.
[p1] processing message...
[print-p1] {id='106cdede-80fb-4e5f-9966-7a0be8317e79', payload={timestamp=1776754040491, inputPort=in, tick=601}, timestamp=2026-04-21T15:47:20.492035}
[p1] done.
[p1] processing message...
[print-p1] {id='088ac288-1c9f-434d-bfd1-2f2c86be6b41', payload={timestamp=1776754040505, inputPort=in, tick=601}, timestamp=2026-04-21T15:47:20.505611}
[p1] done.
[p1] processing message...
[p2] processing message...
[print-p1] {id='731987b6-d52c-4a7f-b189-74b1faa97ec1', payload={timestamp=1776754040996, inputPort=in, tick=602}, timestamp=2026-04-21T15:47:20.996624}
[p1] done.
[print-p2] {id='2a0f6ff9-5984-4f53-8397-40cf5ee0bfea', payload={timestamp=1776754040996, inputPort=in, tick=301}, timestamp=2026-04-21T15:47:20.996612}
[p2] done.
[p1] processing message...
[print-p1] {id='2cd6513d-7c1e-4837-915c-d0799caa769f', payload={timestamp=1776754041000, inputPort=in, tick=602}, timestamp=2026-04-21T15:47:21.001064}
[p1] done.
[p1] processing message...
[print-p1] {id='4f3bca53-328f-4a95-ae8f-828ed4768283', payload={timestamp=1776754041495, inputPort=in, tick=603}, timestamp=2026-04-21T15:47:21.496213}
[p1] done.
[p1] processing message...
[print-p1] {id='71b30193-1358-4b0c-8d0d-b2dd8247049b', payload={timestamp=1776754041501, inputPort=in, tick=603}, timestamp=2026-04-21T15:47:21.501981}
[p1] done.
[p1] processing message...
[print-p1] {id='5076255d-666c-41e8-b978-bfe54b94669c', payload={timestamp=1776754041995, inputPort=in, tick=604}, timestamp=2026-04-21T15:47:21.996176}
[p1] done.
[p2] processing message...
[print-p2] {id='a66f5e76-274e-4b63-8f41-a49f6e824e2b', payload={timestamp=1776754041996, inputPort=in, tick=302}, timestamp=2026-04-21T15:47:21.996939}
[p2] done.
[p1] processing message...
[print-p1] {id='61ca229b-2d50-443d-a0c1-b7b2f48a6e0f', payload={timestamp=1776754042005, inputPort=in, tick=604}, timestamp=2026-04-21T15:47:22.005222}
[p1] done.
[p1] processing message...
[print-p1] {id='4cd0a8d7-3b3b-4b2e-86ea-07dfd0f2b898', payload={timestamp=1776754042495, inputPort=in, tick=605}, timestamp=2026-04-21T15:47:22.496283}
[p1] done.
[p1] processing message...
[print-p1] {id='55ced2e7-8c70-4ddf-9655-e005493de13d', payload={timestamp=1776754042502, inputPort=in, tick=605}, timestamp=2026-04-21T15:47:22.502739}
[p1] done.
[p1] processing message...
[print-p1] {id='2f0f62d4-5a96-451e-b177-293fbe430cf4', payload={timestamp=1776754042993, inputPort=in, tick=606}, timestamp=2026-04-21T15:47:22.993968}
[p1] done.
[p2] processing message...
[print-p2] {id='1c0c8914-ecd6-4155-b270-09d8e1546023', payload={timestamp=1776754042999, inputPort=in, tick=303}, timestamp=2026-04-21T15:47:22.999885}
[p2] done.
[p1] processing message...
[print-p1] {id='d3e47fb5-371f-40cf-86b6-677a32625ef2', payload={timestamp=1776754043005, inputPort=in, tick=606}, timestamp=2026-04-21T15:47:23.005774}
[p1] done.
[p1] processing message...
[print-p1] {id='dc40a337-132c-486b-928d-9f8a140726f8', payload={timestamp=1776754043495, inputPort=in, tick=607}, timestamp=2026-04-21T15:47:23.495459}
[p1] done.
[p1] processing message...
[print-p1] {id='c596def5-2f5d-4bc5-9664-1bd8a7e816ed', payload={timestamp=1776754043501, inputPort=in, tick=607}, timestamp=2026-04-21T15:47:23.502215}
[p1] done.
[p1] processing message...
[print-p1] {id='6796f54d-3671-4afc-b44f-8c520579475b', payload={timestamp=1776754043993, inputPort=in, tick=608}, timestamp=2026-04-21T15:47:23.994123}
[p1] done.
[p2] processing message...
[print-p2] {id='ae30bb95-46c6-43bf-80e3-ce3140764fb5', payload={timestamp=1776754043997, inputPort=in, tick=304}, timestamp=2026-04-21T15:47:23.997516}
[p2] done.
[p1] processing message...
[print-p1] {id='714ea181-7746-407b-85ca-ee257351dfdb', payload={timestamp=1776754044004, inputPort=in, tick=608}, timestamp=2026-04-21T15:47:24.005206}
[p1] done.
[p1] processing message...
[print-p1] {id='360eba1c-eca4-433a-8de1-fb26f88c4fd6', payload={timestamp=1776754044493, inputPort=in, tick=609}, timestamp=2026-04-21T15:47:24.493993}
[p1] done.
[p1] processing message...
[print-p1] {id='5003ba08-99e2-4a2d-81f7-f155d45c849e', payload={timestamp=1776754044502, inputPort=in, tick=609}, timestamp=2026-04-21T15:47:24.502366}
[p1] done.
[p1] processing message...
[print-p1] {id='6a374585-243c-42b8-b4ab-23a97c0c9b4d', payload={timestamp=1776754044992, inputPort=in, tick=610}, timestamp=2026-04-21T15:47:24.993363}
[p1] done.
[p2] processing message...
[print-p2] {id='1f4685b3-66e8-476d-ad5d-341b914d8abe', payload={timestamp=1776754044998, inputPort=in, tick=305}, timestamp=2026-04-21T15:47:24.998887}
[p2] done.
[p1] processing message...
[print-p1] {id='a5cdf5b6-6c6f-4908-8cf7-f670a395dd99', payload={timestamp=1776754045004, inputPort=in, tick=610}, timestamp=2026-04-21T15:47:25.004857}
[p1] done.
[p1] processing message...
[print-p1] {id='b6de7e73-a608-4cdf-b57b-8bde781a7bb3', payload={timestamp=1776754045492, inputPort=in, tick=611}, timestamp=2026-04-21T15:47:25.493389}
[p1] done.
[p1] processing message...
[print-p1] {id='78aa5eef-d374-4d61-95b9-9ad2ee3f3b23', payload={timestamp=1776754045505, inputPort=in, tick=611}, timestamp=2026-04-21T15:47:25.505638}
[p1] done.
[p1] processing message...
[print-p1] {id='560fae47-fe58-4cbf-b516-60bdaa5ec55d', payload={timestamp=1776754045992, inputPort=in, tick=612}, timestamp=2026-04-21T15:47:25.992469}
[p1] done.
[p2] processing message...
[print-p2] {id='09c94908-66ac-4a7a-849b-f49e47642f2d', payload={timestamp=1776754045999, inputPort=in, tick=306}, timestamp=2026-04-21T15:47:25.999734}
[p2] done.
[p1] processing message...
[print-p1] {id='b5d5b6e0-b2f4-45ed-96a8-714213a4b242', payload={timestamp=1776754046000, inputPort=in, tick=612}, timestamp=2026-04-21T15:47:26.000951}
[p1] done.
[p1] processing message...
[print-p1] {id='df8f6ee6-2bca-4126-8a25-46f8cebbc8bc', payload={timestamp=1776754046495, inputPort=in, tick=613}, timestamp=2026-04-21T15:47:26.495985}
[p1] done.
[p1] processing message...
[print-p1] {id='7ac8abc0-0d15-48af-b37b-dea6ad0ab17b', payload={timestamp=1776754046505, inputPort=in, tick=613}, timestamp=2026-04-21T15:47:26.505625}
[p1] done.
[p1] processing message...
[print-p1] {id='ba9d7312-b377-40ef-9e88-7de87a1fc40e', payload={timestamp=1776754046993, inputPort=in, tick=614}, timestamp=2026-04-21T15:47:26.993281}
[p1] done.
[p2] processing message...
[print-p2] {id='d61f2968-ec0e-4654-bfbd-d5ea21979476', payload={timestamp=1776754046999, inputPort=in, tick=307}, timestamp=2026-04-21T15:47:26.999715}
[p2] done.
[p1] processing message...
[print-p1] {id='84a22998-8ccc-442f-a447-d63cbec03cd1', payload={timestamp=1776754047005, inputPort=in, tick=614}, timestamp=2026-04-21T15:47:27.005645}
[p1] done.
[p1] processing message...
[print-p1] {id='4cbb5d7d-125e-4b0f-9422-123418de5151', payload={timestamp=1776754047495, inputPort=in, tick=615}, timestamp=2026-04-21T15:47:27.496346}
[p1] done.
[p1] processing message...
[print-p1] {id='f17301ab-702d-4b56-ac9b-370d042d7565', payload={timestamp=1776754047504, inputPort=in, tick=615}, timestamp=2026-04-21T15:47:27.504265}
[p1] done.
[p1] processing message...
[print-p1] {id='5468207c-b6b5-481b-9f9d-b5a096753121', payload={timestamp=1776754047994, inputPort=in, tick=616}, timestamp=2026-04-21T15:47:27.995104}
[p1] done.
[p2] processing message...
[print-p2] {id='0c7418ae-eaf2-4b02-b773-7b36b24760cd', payload={timestamp=1776754047999, inputPort=in, tick=308}, timestamp=2026-04-21T15:47:27.999783}
[p2] done.
[p1] processing message...
[print-p1] {id='b826fa5c-9231-45d6-ab3e-1dc34fe59fd6', payload={timestamp=1776754048000, inputPort=in, tick=616}, timestamp=2026-04-21T15:47:28.000894}
[p1] done.
[p1] processing message...
[print-p1] {id='4c00bae9-ac91-4843-9207-9b5a42132a0e', payload={timestamp=1776754048495, inputPort=in, tick=617}, timestamp=2026-04-21T15:47:28.496314}
[p1] done.
[p1] processing message...
[print-p1] {id='b1d765f7-134d-4785-be42-a4bca61d49f8', payload={timestamp=1776754048501, inputPort=in, tick=617}, timestamp=2026-04-21T15:47:28.501964}
[p1] done.
[p1] processing message...
[print-p1] {id='9c966ae0-8d91-405d-9dec-688b3d7c6d0c', payload={timestamp=1776754048993, inputPort=in, tick=618}, timestamp=2026-04-21T15:47:28.994066}
[p1] done.
[p2] processing message...
[print-p2] {id='437bd45f-4f6a-4258-a51c-5fcf00a32d6c', payload={timestamp=1776754048996, inputPort=in, tick=309}, timestamp=2026-04-21T15:47:28.996581}
[p2] done.
[p1] processing message...
[print-p1] {id='97809283-ca3d-474d-a0fd-12920695dfb8', payload={timestamp=1776754049004, inputPort=in, tick=618}, timestamp=2026-04-21T15:47:29.004706}
[p1] done.
[p1] processing message...
[print-p1] {id='c450bf8d-95da-4f7d-8be3-f78e8a405f9d', payload={timestamp=1776754049491, inputPort=in, tick=619}, timestamp=2026-04-21T15:47:29.491812}
[p1] done.
[p1] processing message...
[print-p1] {id='100604ca-cc72-475e-9720-93f2910cdb9d', payload={timestamp=1776754049503, inputPort=in, tick=619}, timestamp=2026-04-21T15:47:29.503655}
[p1] done.
[p1] processing message...
[print-p1] {id='94d82fb2-1ac2-4caa-bf2d-7f9fd69ae92e', payload={timestamp=1776754049995, inputPort=in, tick=620}, timestamp=2026-04-21T15:47:29.996308}
[p1] done.
[p2] processing message...
[print-p2] {id='16ddf49b-8d96-452e-8070-212575294f86', payload={timestamp=1776754049997, inputPort=in, tick=310}, timestamp=2026-04-21T15:47:29.997848}
[p2] done.
[p1] processing message...
[print-p1] {id='619ecacc-a39c-44df-ba62-db3f9bfba572', payload={timestamp=1776754050006, inputPort=in, tick=620}, timestamp=2026-04-21T15:47:30.007150}
[p1] done.
[p1] processing message...
[print-p1] {id='b189f7ed-c4c8-4b6d-8487-baffca31f5ac', payload={timestamp=1776754050494, inputPort=in, tick=621}, timestamp=2026-04-21T15:47:30.494529}
[p1] done.
[p1] processing message...
[print-p1] {id='75bcc315-01a1-4693-b48b-1fef23a9b56c', payload={timestamp=1776754050501, inputPort=in, tick=621}, timestamp=2026-04-21T15:47:30.502072}
[p1] done.
장기 테스트 중...
]]></system-out>
  </testcase>
  <testcase name="testMqttToModbus" classname="com.fbp.engine.Integration.CrossProtocolTest" time="0.019">
    <error message="Cannot invoke &quot;com.fbp.engine.core.FlowEngine.register(com.fbp.engine.core.Flow)&quot; because &quot;this.engine&quot; is null" type="java.lang.NullPointerException"><![CDATA[java.lang.NullPointerException: Cannot invoke "com.fbp.engine.core.FlowEngine.register(com.fbp.engine.core.Flow)" because "this.engine" is null
	at com.fbp.engine.Integration.CrossProtocolTest.testMqttToModbus(CrossProtocolTest.java:31)
	at java.base/java.lang.reflect.Method.invoke(Method.java:580)
	at java.base/java.util.ArrayList.forEach(ArrayList.java:1596)
	at java.base/java.util.ArrayList.forEach(ArrayList.java:1596)
]]></error>
  </testcase>
</testsuite>