<?xml version="1.0" encoding="UTF-8"?>
<testsuite xmlns:xsi="http://www.w3.org/2001/XMLSchema-instance" xsi:noNamespaceSchemaLocation="https://maven.apache.org/surefire/maven-surefire-plugin/xsd/surefire-test-report-3.0.xsd" version="3.0" name="com.fbp.engine.node.MergeNodeTest" time="1.32" tests="3" errors="0" skipped="0" failures="0">
  <properties>
[...]
</properties>
  <testcase name="test4_PortConfiguration" classname="com.fbp.engine.node.MergeNodeTest" time="0.102">
    <system-out><![CDATA[[Engine] Flow 'merge-test' registered
[sink] initialized.
[merger] initialized.
[Engine] Flow 'merge-test' started
[sink] shutdown.
[merger] shutdown.
[print-p1] {id='d58c6068-e742-4c83-bd24-8455f7b7c245', payload={inputPort=in, tick=27, timestamp=1779841011181}, timestamp=2026-05-27T09:16:51.181819}
[print-p1] {id='465fbd92-961f-4d4c-b4c6-e33181c49c62', payload={inputPort=in, tick=27, timestamp=1779841011187}, timestamp=2026-05-27T09:16:51.187216}
[MqttPool] 모든 시스템 브로커 연결이 종료되었습니다.
]]></system-out>
  </testcase>
  <testcase name="test1_2_MergeFunctionality" classname="com.fbp.engine.node.MergeNodeTest" time="0.103">
    <system-out><![CDATA[[Engine] Flow 'merge-test' registered
[sink] initialized.
[merger] initialized.
[Engine] Flow 'merge-test' started
[merger] 병합 완료: [temperature, humidity, inputPort]
병합 성공 데이터: {humidity=60.0, inputPort=in, temperature=25.5}
[sink] shutdown.
[merger] shutdown.
[MqttPool] 모든 시스템 브로커 연결이 종료되었습니다.
]]></system-out>
  </testcase>
  <testcase name="test3_WaitUntilMatched" classname="com.fbp.engine.node.MergeNodeTest" time="1.114">
    <system-out><![CDATA[[Engine] Flow 'merge-test' registered
[sink] initialized.
[merger] initialized.
[Engine] Flow 'merge-test' started
[print-p1] {id='baff256a-c5da-4967-bf3e-d57004979cb2', payload={inputPort=in, tick=28, timestamp=1779841011681}, timestamp=2026-05-27T09:16:51.681868}
[print-p2] {id='9da34f7f-ef82-40c9-a564-8705d96a94d9', payload={inputPort=in, tick=14, timestamp=1779841011683}, timestamp=2026-05-27T09:16:51.683561}
[print-p1] {id='7eb8a2ba-a34d-49ea-b404-a0bc5a551ff1', payload={inputPort=in, tick=28, timestamp=1779841011688}, timestamp=2026-05-27T09:16:51.688969}
[print-p1] {id='9f0fc2f5-046d-4667-b72c-e35eb11e7962', payload={inputPort=in, tick=29, timestamp=1779841012181}, timestamp=2026-05-27T09:16:52.181821}
[print-p1] {id='d439b43f-c222-44d2-98e6-d0c44aaee01a', payload={inputPort=in, tick=29, timestamp=1779841012186}, timestamp=2026-05-27T09:16:52.186162}
[merger] 병합 완료: [data, inputPort, data2]
[sink] shutdown.
[merger] shutdown.
[MqttPool] 모든 시스템 브로커 연결이 종료되었습니다.
]]></system-out>
  </testcase>
</testsuite>