<?xml version="1.0" encoding="UTF-8"?>
<testsuite xmlns:xsi="http://www.w3.org/2001/XMLSchema-instance" xsi:noNamespaceSchemaLocation="https://maven.apache.org/surefire/maven-surefire-plugin/xsd/surefire-test-report-3.0.xsd" version="3.0" name="com.fbp.engine.plugin.PluginManagerTest" time="0.023" tests="8" errors="0" skipped="0" failures="0">
  <properties>
[...]
</properties>
  <testcase name="test6_MissingDirectory" classname="com.fbp.engine.plugin.PluginManagerTest" time="0.009"/>
  <testcase name="test7_EmptyDirectory" classname="com.fbp.engine.plugin.PluginManagerTest" time="0.002"/>
  <testcase name="test1_ClassPathLoading" classname="com.fbp.engine.plugin.PluginManagerTest" time="0.001"/>
  <testcase name="test2_ExternalJarLoading" classname="com.fbp.engine.plugin.PluginManagerTest" time="0.002"/>
  <testcase name="test8_PluginCountCheck" classname="com.fbp.engine.plugin.PluginManagerTest" time="0.002"/>
  <testcase name="test3_AutoRegistration" classname="com.fbp.engine.plugin.PluginManagerTest" time="0.001"/>
  <testcase name="test4_ConflictHandling" classname="com.fbp.engine.plugin.PluginManagerTest" time="0.001"/>
  <testcase name="test5_InvalidJarHandling" classname="com.fbp.engine.plugin.PluginManagerTest" time="0.003"/>
</testsuite>