<?xml version="1.0" encoding="UTF-8"?>
<testsuite xmlns:xsi="http://www.w3.org/2001/XMLSchema-instance" xsi:noNamespaceSchemaLocation="https://maven.apache.org/surefire/maven-surefire-plugin/xsd/surefire-test-report.xsd" version="3.0.1" name="com.fbp.engine.Integration.ModbusIntegrationTest" time="3.331" tests="4" errors="0" skipped="0" failures="0">
  <properties>
[...]
</properties>
  <testcase name="testModbusRead" classname="com.fbp.engine.Integration.ModbusIntegrationTest" time="0.108">
    <system-out><![CDATA[ModbusSimulator Start (Port: 5025)
ModbusSimulator Start (Port: 5025)
[Engine] 플로우 'f-read' 등록됨
[reader] 외부 시스템 연결 성공
[collector] initialized.
[Engine] 플로우 'f-read' 시작됨
[reader] processing message...
[reader] done.
[collector] processing message...
[collector] done.
[p1] processing message...
[print-p1] {id='9efcee6f-5837-4fbb-8b04-b04d82388109', payload={timestamp=1776754050994, inputPort=in, tick=622}, timestamp=2026-04-21T15:47:30.994882}
[p1] done.
[p2] processing message...
[print-p2] {id='4f1fdf54-98ee-41a0-929d-195bc29ad83c', payload={timestamp=1776754050999, inputPort=in, tick=311}, timestamp=2026-04-21T15:47:30.999222}
[p2] done.
[p1] processing message...
[print-p1] {id='95256b5f-79f6-47f6-affc-9b6571eee091', payload={timestamp=1776754051004, inputPort=in, tick=622}, timestamp=2026-04-21T15:47:31.004039}
[p1] done.
]]></system-out>
  </testcase>
  <testcase name="testModbusError" classname="com.fbp.engine.Integration.ModbusIntegrationTest" time="3.105">
    <system-out><![CDATA[ModbusSimulator Start (Port: 5025)
[Engine] 플로우 'f-err' 등록됨
ModbusSimulator Start (Port: 5025)
[reader-err] 외부 시스템 연결 성공
[collector-err] initialized.
[Engine] 플로우 'f-err' 시작됨
[reader-err] processing message...
[p1] processing message...
[print-p1] {id='7feb6719-8398-4f24-a888-0a15313f87bb', payload={timestamp=1776754051494, inputPort=in, tick=623}, timestamp=2026-04-21T15:47:31.494667}
[p1] done.
[p1] processing message...
[print-p1] {id='4584c7cd-8337-4c5c-8561-fbdff48b7999', payload={timestamp=1776754051504, inputPort=in, tick=623}, timestamp=2026-04-21T15:47:31.504768}
[p1] done.
[p1] processing message...
[print-p1] {id='3708e894-5dda-4c7e-9904-e715f168528c', payload={timestamp=1776754051996, inputPort=in, tick=624}, timestamp=2026-04-21T15:47:31.996685}
[p1] done.
[p2] processing message...
[print-p2] {id='aa4d7b56-a8f1-4b9f-9c46-e30eb58110ef', payload={timestamp=1776754052003, inputPort=in, tick=312}, timestamp=2026-04-21T15:47:32.003410}
[p2] done.
[p1] processing message...
[print-p1] {id='972be73a-d08e-49ef-9ec7-b2b9437d1ea2', payload={timestamp=1776754052005, inputPort=in, tick=624}, timestamp=2026-04-21T15:47:32.005765}
[p1] done.
[p1] processing message...
[print-p1] {id='4d1be34e-1a49-4f9a-b674-aa439758b21e', payload={timestamp=1776754052493, inputPort=in, tick=625}, timestamp=2026-04-21T15:47:32.493478}
[p1] done.
[p1] processing message...
[print-p1] {id='6c3550ae-e707-40af-9897-35dafdfd278f', payload={timestamp=1776754052502, inputPort=in, tick=625}, timestamp=2026-04-21T15:47:32.502315}
[p1] done.
[p1] processing message...
[print-p1] {id='940c4584-a1de-42fb-813e-a326de9b9201', payload={timestamp=1776754052994, inputPort=in, tick=626}, timestamp=2026-04-21T15:47:32.994521}
[p1] done.
[p2] processing message...
[print-p2] {id='a314a10a-e778-489a-a22b-313478239f22', payload={timestamp=1776754052999, inputPort=in, tick=313}, timestamp=2026-04-21T15:47:33.000261}
[p2] done.
[p1] processing message...
[print-p1] {id='8264c0e7-72f8-44e7-bec4-da0057651f55', payload={timestamp=1776754053003, inputPort=in, tick=626}, timestamp=2026-04-21T15:47:33.003985}
[p1] done.
[p1] processing message...
[print-p1] {id='c72f8ed4-8fb3-439b-8a38-7098f8e3518a', payload={timestamp=1776754053495, inputPort=in, tick=627}, timestamp=2026-04-21T15:47:33.496335}
[p1] done.
[p1] processing message...
[print-p1] {id='127bfc82-3b9f-457e-9bc4-d39c3e5ce859', payload={timestamp=1776754053501, inputPort=in, tick=627}, timestamp=2026-04-21T15:47:33.502378}
[p1] done.
[p1] processing message...
[print-p1] {id='4cafcc05-9f69-4926-83e2-2d56ec50f38d', payload={timestamp=1776754053992, inputPort=in, tick=628}, timestamp=2026-04-21T15:47:33.992886}
[p1] done.
[p2] processing message...
[print-p2] {id='7b1e44aa-9e37-4fd1-baed-b18bddeab4bf', payload={timestamp=1776754053997, inputPort=in, tick=314}, timestamp=2026-04-21T15:47:33.997915}
[p2] done.
[p1] processing message...
[print-p1] {id='45b4d81c-81cb-40e6-87f0-6a48296b28bf', payload={timestamp=1776754054004, inputPort=in, tick=628}, timestamp=2026-04-21T15:47:34.004767}
[p1] done.
[reader-err] done.
[collector-err] processing message...
[collector-err] done.
]]></system-out>
  </testcase>
  <testcase name="testModbusWrite" classname="com.fbp.engine.Integration.ModbusIntegrationTest" time="0.007">
    <system-out><![CDATA[ModbusSimulator Start (Port: 5025)
[Engine] 플로우 'f-write' 등록됨
ModbusSimulator Start (Port: 5025)
[writer] 외부 시스템 연결 성공
[collector] initialized.
[Engine] 플로우 'f-write' 시작됨
[writer] processing message...
[collector] processing message...
[collector] done.
[ModbusWriter] Node: writer, Addr: 5, Val: 777 Write Success
[writer] done.
]]></system-out>
  </testcase>
  <testcase name="testModbusReadToWriter" classname="com.fbp.engine.Integration.ModbusIntegrationTest" time="0.109">
    <system-out><![CDATA[ModbusSimulator Start (Port: 5025)
ModbusSimulator Start (Port: 5025)
[Engine] 플로우 'f-pipeline' 등록됨
[reader] 외부 시스템 연결 성공
[writer] 외부 시스템 연결 성공
[collector] initialized.
[Engine] 플로우 'f-pipeline' 시작됨
[reader] processing message...
[reader] done.
[writer] processing message...
[ModbusWriter] Node: writer, Addr: 10, Val: 999 Write Success
[writer] done.
[collector] processing message...
[collector] done.
]]></system-out>
  </testcase>
</testsuite>