<?xml version="1.0" encoding="UTF-8"?>
<testsuite xmlns:xsi="http://www.w3.org/2001/XMLSchema-instance" xsi:noNamespaceSchemaLocation="https://maven.apache.org/surefire/maven-surefire-plugin/xsd/surefire-test-report.xsd" version="3.0.1" name="com.fbp.engine.runner.MainTest" time="2.015" tests="5" errors="0" skipped="0" failures="0">
  <properties>
[...]
</properties>
  <testcase name="testTotalMessageCount" classname="com.fbp.engine.runner.MainTest" time="0.0">
    <system-out><![CDATA[[Engine] 플로우 'final-flow' 등록됨
[filter] initialized.
[normal-collector] initialized.
[alert-collector] initialized.
[tempSensor] initialized.
[Engine] 플로우 'final-flow' 시작됨
[tempSensor] processing message...
[tempSensor] done.
[tempSensor] processing message...
[tempSensor] done.
[tempSensor] processing message...
[tempSensor] done.
[tempSensor] processing message...
[tempSensor] done.
[tempSensor] processing message...
[filter] processing message...
[tempSensor] done.
[tempSensor] processing message...
[tempSensor] done.
[tempSensor] processing message...
[tempSensor] done.
[tempSensor] processing message...
[filter] done.
[tempSensor] done.
[tempSensor] processing message...
[tempSensor] done.
[filter] processing message...
[filter] done.
[filter] processing message...
[filter] done.
[normal-collector] processing message...
[normal-collector] done.
[filter] processing message...
[normal-collector] processing message...
[filter] done.
[normal-collector] done.
[filter] processing message...
[filter] done.
[file-writer] processing message...
[alert-collector] processing message...
[alert-collector] done.
[filter] processing message...
[alert-collector] processing message...
[filter] done.
[alert-collector] done.
[normal-collector] processing message...
[normal-collector] done.
[filter] processing message...
[filter] done.
[alert-collector] processing message...
[alert-collector] done.
[tempSensor] processing message...
[filter] processing message...
[filter] done.
[tempSensor] done.
[alert-collector] processing message...
[alert-collector] done.
[filter] processing message...
[filter] done.
[filter] processing message...
[filter] done.
[alert-collector] processing message...
[alert-collector] done.
[normal-collector] processing message...
[normal-collector] done.
[normal-collector] processing message...
[normal-collector] done.
[file-writer] done.
[file-writer] processing message...
[file-writer] done.
[file-writer] processing message...
[file-writer] done.
[file-writer] processing message...
[file-writer] done.
[file-writer] processing message...
[file-writer] done.
[p1] processing message...
[print-p1] {id='c520ffa3-cee7-42cb-96ac-9608e3805616', payload={timestamp=1776754054495, inputPort=in, tick=629}, timestamp=2026-04-21T15:47:34.496148}
[p1] done.
[p1] processing message...
[print-p1] {id='677b67ea-9773-4a3b-ada1-8e2e7d6af280', payload={timestamp=1776754054504, inputPort=in, tick=629}, timestamp=2026-04-21T15:47:34.504323}
[p1] done.
[p1] processing message...
[print-p1] {id='729285d2-ce02-488d-a945-b10c5e6b4f48', payload={timestamp=1776754054991, inputPort=in, tick=630}, timestamp=2026-04-21T15:47:34.992281}
[p1] done.
[p2] processing message...
[print-p2] {id='4e4ed5bc-d777-477b-8532-abca8c352f94', payload={timestamp=1776754054999, inputPort=in, tick=315}, timestamp=2026-04-21T15:47:34.999541}
[p2] done.
[p1] processing message...
[print-p1] {id='568329bb-5e79-451e-93eb-f6bac5ad9524', payload={timestamp=1776754055005, inputPort=in, tick=630}, timestamp=2026-04-21T15:47:35.005943}
[p1] done.
[p1] processing message...
[print-p1] {id='089ca0c2-5f1e-472d-b761-ddb50d66ad57', payload={timestamp=1776754055494, inputPort=in, tick=631}, timestamp=2026-04-21T15:47:35.494626}
[p1] done.
[p1] processing message...
[print-p1] {id='db0aa7f7-0960-41ca-9806-21eb72cf7701', payload={timestamp=1776754055503, inputPort=in, tick=631}, timestamp=2026-04-21T15:47:35.504021}
[p1] done.
[p2] processing message...
[print-p2] {id='5c97b986-a152-49b8-9c6d-b7a041174f63', payload={timestamp=1776754055995, inputPort=in, tick=316}, timestamp=2026-04-21T15:47:35.995776}
[p2] done.
[p1] processing message...
[print-p1] {id='a9ecdd37-9bb7-4c4c-b559-b32a0831ffd9', payload={timestamp=1776754055996, inputPort=in, tick=632}, timestamp=2026-04-21T15:47:35.996178}
[p1] done.
[p1] processing message...
[print-p1] {id='431bf675-91fa-4da6-ae89-beb5b7b74342', payload={timestamp=1776754056005, inputPort=in, tick=632}, timestamp=2026-04-21T15:47:36.005937}
[p1] done.
[filter] shutdown.
[normal-collector] shutdown.
[alert-collector] shutdown.
[tempSensor] shutdown.
]]></system-out>
  </testcase>
  <testcase name="testAlertPathAccuracy" classname="com.fbp.engine.runner.MainTest" time="0.001"/>
  <testcase name="testNormalPathAccuracy" classname="com.fbp.engine.runner.MainTest" time="0.001"/>
  <testcase name="testFileContentMatch" classname="com.fbp.engine.runner.MainTest" time="0.003"/>
  <testcase name="testDataFormatAndRange" classname="com.fbp.engine.runner.MainTest" time="0.001"/>
</testsuite>