<?xml version="1.0" encoding="UTF-8"?>
<testsuite xmlns:xsi="http://www.w3.org/2001/XMLSchema-instance" xsi:noNamespaceSchemaLocation="https://maven.apache.org/surefire/maven-surefire-plugin/xsd/surefire-test-report.xsd" version="3.0.1" name="com.fbp.engine.node.TemperatureMonitoringFlowTest" time="3.037" tests="3" errors="0" skipped="0" failures="0">
  <properties>
[...]
</properties>
  <testcase name="test3_TotalMessageCount" classname="com.fbp.engine.node.TemperatureMonitoringFlowTest" time="1.01">
    <system-out><![CDATA[[Engine] 플로우 'temp-monitoring' 등록됨
[filter] initialized.
[normal-collector] initialized.
[alert-collector] initialized.
[sensor] initialized.
[Engine] 플로우 'temp-monitoring' 시작됨
[filter] processing message...
[filter] done.
[filter] processing message...
[filter] done.
[filter] processing message...
[filter] done.
[filter] processing message...
[filter] done.
[filter] processing message...
[filter] done.
[alert-collector] processing message...
[alert-collector] done.
[alert-collector] processing message...
[normal-collector] processing message...
[alert-collector] done.
[normal-collector] done.
[alert-collector] processing message...
[normal-collector] processing message...
[normal-collector] done.
[alert-collector] done.
[p1] processing message...
[print-p1] {id='8223e218-c2bc-49f1-88ca-bfa766fd8ba8', payload={inputPort=in, timestamp=1775628687671, tick=9}, timestamp=2026-04-08T15:11:27.672148}
[p1] done.
[p1] processing message...
[print-p1] {id='d44dec30-0d9f-4d05-a1cf-e97b1fbb610d', payload={inputPort=in, timestamp=1775628687683, tick=9}, timestamp=2026-04-08T15:11:27.683710}
[p1] done.
[p1] processing message...
[print-p1] {id='9b77006b-6c66-4990-8796-a7e70c379f6a', payload={inputPort=in, timestamp=1775628688176, tick=10}, timestamp=2026-04-08T15:11:28.177246}
[p1] done.
[p2] processing message...
[print-p2] {id='63d6545c-8d67-444f-986c-21ca9eab0f76', payload={inputPort=in, timestamp=1775628688180, tick=5}, timestamp=2026-04-08T15:11:28.180714}
[p2] done.
[p1] processing message...
[print-p1] {id='067cb33b-f16c-4b84-8561-8d85b7b8acad', payload={inputPort=in, timestamp=1775628688180, tick=10}, timestamp=2026-04-08T15:11:28.181062}
[p1] done.
[filter] shutdown.
[normal-collector] shutdown.
[alert-collector] shutdown.
[sensor] shutdown.
]]></system-out>
  </testcase>
  <testcase name="test2_NormalPathValidation" classname="com.fbp.engine.node.TemperatureMonitoringFlowTest" time="1.012">
    <system-out><![CDATA[[Engine] 플로우 'temp-monitoring' 등록됨
[filter] initialized.
[normal-collector] initialized.
[alert-collector] initialized.
[sensor] initialized.
[Engine] 플로우 'temp-monitoring' 시작됨
[filter] processing message...
[filter] done.
[filter] processing message...
[filter] done.
[alert-collector] processing message...
[alert-collector] done.
[filter] processing message...
[filter] done.
[filter] processing message...
[normal-collector] processing message...
[filter] done.
[normal-collector] done.
[normal-collector] processing message...
[filter] processing message...
[normal-collector] done.
[filter] done.
[alert-collector] processing message...
[alert-collector] done.
[alert-collector] processing message...
[alert-collector] done.
[p1] processing message...
[print-p1] {id='510fe5fe-2557-4913-93c5-d315deb3f9ea', payload={inputPort=in, timestamp=1775628688675, tick=11}, timestamp=2026-04-08T15:11:28.676335}
[p1] done.
[p1] processing message...
[print-p1] {id='5f94c8e2-5741-4c33-bb98-09129a4b8b13', payload={inputPort=in, timestamp=1775628688679, tick=11}, timestamp=2026-04-08T15:11:28.680013}
[p1] done.
[p1] processing message...
[print-p1] {id='12ce2af1-773d-49bb-b4cc-c506a966082a', payload={inputPort=in, timestamp=1775628689177, tick=12}, timestamp=2026-04-08T15:11:29.178087}
[p1] done.
[p2] processing message...
[print-p2] {id='f6d420d6-8ef4-4c79-a308-cdb461d4c8f2', payload={inputPort=in, timestamp=1775628689179, tick=6}, timestamp=2026-04-08T15:11:29.179652}
[p2] done.
[p1] processing message...
[print-p1] {id='9e303c6f-1cb1-4f5b-9dde-f52b36a8a6d6', payload={inputPort=in, timestamp=1775628689183, tick=12}, timestamp=2026-04-08T15:11:29.183980}
[p1] done.
[filter] shutdown.
[normal-collector] shutdown.
[alert-collector] shutdown.
[sensor] shutdown.
]]></system-out>
  </testcase>
  <testcase name="test1_AlertPathValidation" classname="com.fbp.engine.node.TemperatureMonitoringFlowTest" time="1.011">
    <system-out><![CDATA[[Engine] 플로우 'temp-monitoring' 등록됨
[filter] initialized.
[normal-collector] initialized.
[alert-collector] initialized.
[sensor] initialized.
[Engine] 플로우 'temp-monitoring' 시작됨
[filter] processing message...
[filter] done.
[filter] processing message...
[filter] done.
[alert-collector] processing message...
[filter] processing message...
[alert-collector] done.
[filter] done.
[filter] processing message...
[alert-collector] processing message...
[filter] done.
[alert-collector] done.
[filter] processing message...
[normal-collector] processing message...
[filter] done.
[normal-collector] done.
[normal-collector] processing message...
[normal-collector] done.
[normal-collector] processing message...
[normal-collector] done.
[p1] processing message...
[print-p1] {id='7c0cd529-6703-4921-a840-9a7b76671090', payload={inputPort=in, timestamp=1775628689674, tick=13}, timestamp=2026-04-08T15:11:29.674513}
[p1] done.
[p1] processing message...
[print-p1] {id='354b16e1-da39-44c3-b661-fe5bfdcae813', payload={inputPort=in, timestamp=1775628689682, tick=13}, timestamp=2026-04-08T15:11:29.682493}
[p1] done.
[p1] processing message...
[print-p1] {id='51a70e5c-4602-4b2c-a04d-acaa03f3c44b', payload={inputPort=in, timestamp=1775628690175, tick=14}, timestamp=2026-04-08T15:11:30.176225}
[p1] done.
[p2] processing message...
[print-p2] {id='7102749c-72f6-45ec-aac6-88932a9f2317', payload={inputPort=in, timestamp=1775628690180, tick=7}, timestamp=2026-04-08T15:11:30.180875}
[p2] done.
[p1] processing message...
[print-p1] {id='826ce00c-6b8c-42e1-98e7-40d18fa6aa7f', payload={inputPort=in, timestamp=1775628690183, tick=14}, timestamp=2026-04-08T15:11:30.184539}
[p1] done.
[filter] shutdown.
[normal-collector] shutdown.
[alert-collector] shutdown.
[sensor] shutdown.
]]></system-out>
  </testcase>
</testsuite>