<?xml version="1.0" encoding="UTF-8"?>
<testsuite xmlns:xsi="http://www.w3.org/2001/XMLSchema-instance" xsi:noNamespaceSchemaLocation="https://maven.apache.org/surefire/maven-surefire-plugin/xsd/surefire-test-report-3.0.xsd" version="3.0" name="com.fbp.engine.node.TimerNodeTest" time="4.22" tests="4" errors="0" skipped="0" failures="0">
  <properties>
[...]
</properties>
  <testcase name="test3_ShutdownStopsMessageGeneration" classname="com.fbp.engine.node.TimerNodeTest" time="1.21">
    <system-out><![CDATA[[timer] initialized.
[print-p1] {id='4cf17b28-1e39-4c90-b304-84ecd806a586', payload={inputPort=in, tick=62, timestamp=1779841028678}, timestamp=2026-05-27T09:17:08.679070}
[print-p2] {id='84604cbe-6d74-4d8c-b787-12468f01ec10', payload={inputPort=in, tick=31, timestamp=1779841028681}, timestamp=2026-05-27T09:17:08.681294}
[print-p1] {id='2a8ef141-b150-48ba-b05f-672d23c6e4b8', payload={inputPort=in, tick=62, timestamp=1779841028689}, timestamp=2026-05-27T09:17:08.689759}
[timer] shutdown.
[print-p1] {id='ff87a11f-746e-4de0-a093-07a6a639fef6', payload={inputPort=in, tick=63, timestamp=1779841029177}, timestamp=2026-05-27T09:17:09.178181}
[print-p1] {id='40fa63d1-f4cb-4e77-897f-aefd4e500b22', payload={inputPort=in, tick=63, timestamp=1779841029189}, timestamp=2026-05-27T09:17:09.189840}
[print-p1] {id='1dc5292a-94c0-4994-a7d9-5f14dff83f0d', payload={inputPort=in, tick=64, timestamp=1779841029678}, timestamp=2026-05-27T09:17:09.678758}
[print-p2] {id='9448c2c0-8ea4-4074-b5ee-2c5f51017fd6', payload={inputPort=in, tick=32, timestamp=1779841029683}, timestamp=2026-05-27T09:17:09.683903}
[print-p1] {id='d1d62485-5028-49ce-bd9c-0e1f3b8f6c01', payload={inputPort=in, tick=64, timestamp=1779841029689}, timestamp=2026-05-27T09:17:09.689525}
[timer] shutdown.
]]></system-out>
  </testcase>
  <testcase name="test2_TickIncrementsSequentially" classname="com.fbp.engine.node.TimerNodeTest" time="1.001">
    <system-out><![CDATA[[timer] initialized.
[print-p1] {id='ca8c71cc-cd66-49e3-911c-e9c2f2c063f9', payload={inputPort=in, tick=65, timestamp=1779841030181}, timestamp=2026-05-27T09:17:10.181809}
[print-p1] {id='4576e7a1-0db1-4726-b8b8-5537ae606bd3', payload={inputPort=in, tick=65, timestamp=1779841030189}, timestamp=2026-05-27T09:17:10.189798}
[print-p1] {id='d41c5804-9f2e-4515-9900-e75bdc7a8445', payload={inputPort=in, tick=66, timestamp=1779841030678}, timestamp=2026-05-27T09:17:10.679017}
[print-p2] {id='a10f8844-8cad-4bf0-b8ce-53f3fdd184ae', payload={inputPort=in, tick=33, timestamp=1779841030685}, timestamp=2026-05-27T09:17:10.685477}
[print-p1] {id='054365bb-07db-493c-847d-2158884c2cc4', payload={inputPort=in, tick=66, timestamp=1779841030685}, timestamp=2026-05-27T09:17:10.685512}
[timer] shutdown.
]]></system-out>
  </testcase>
  <testcase name="test4_IntervalProducesExpectedMessageCount" classname="com.fbp.engine.node.TimerNodeTest" time="2.006">
    <system-out><![CDATA[[timer] initialized.
[print-p1] {id='ab2e42c0-f0b4-4f4c-997c-b6d632a51962', payload={inputPort=in, tick=67, timestamp=1779841031181}, timestamp=2026-05-27T09:17:11.181802}
[print-p1] {id='b88400c2-e093-43f2-9d97-f4f87027ae8e', payload={inputPort=in, tick=67, timestamp=1779841031189}, timestamp=2026-05-27T09:17:11.189122}
[print-p1] {id='90b0657d-e3a3-4515-a2d5-3cc27bbe6e32', payload={inputPort=in, tick=68, timestamp=1779841031681}, timestamp=2026-05-27T09:17:11.681170}
[print-p2] {id='38ba6ceb-d78b-4b54-9a54-81e3c4735dab', payload={inputPort=in, tick=34, timestamp=1779841031683}, timestamp=2026-05-27T09:17:11.683890}
[print-p1] {id='ad203084-e1db-4c0b-b464-851a500a831d', payload={inputPort=in, tick=68, timestamp=1779841031689}, timestamp=2026-05-27T09:17:11.689759}
[print-p1] {id='dcac0708-3673-462b-9eeb-cb9674e46d42', payload={inputPort=in, tick=69, timestamp=1779841032179}, timestamp=2026-05-27T09:17:12.180001}
[print-p1] {id='60846694-7d8b-42ef-bee6-d091e9379399', payload={inputPort=in, tick=69, timestamp=1779841032184}, timestamp=2026-05-27T09:17:12.184970}
[print-p1] {id='52548fe5-d2ff-4ed2-a7f7-b304a6725439', payload={inputPort=in, tick=70, timestamp=1779841032679}, timestamp=2026-05-27T09:17:12.679460}
[print-p2] {id='79b5757f-51a8-4c44-827e-f200a609a2ad', payload={inputPort=in, tick=35, timestamp=1779841032681}, timestamp=2026-05-27T09:17:12.681599}
[print-p1] {id='71d53e3b-f80d-4cad-8dee-b3a9f208fc67', payload={inputPort=in, tick=70, timestamp=1779841032689}, timestamp=2026-05-27T09:17:12.689845}
[timer] shutdown.
[timer] shutdown.
]]></system-out>
  </testcase>
  <testcase name="test1_InitializeStartsMessageGeneration" classname="com.fbp.engine.node.TimerNodeTest" time="0.001">
    <system-out><![CDATA[[timer] initialized.
[timer] shutdown.
]]></system-out>
  </testcase>
</testsuite>