<?xml version="1.0" encoding="UTF-8"?>
<testsuite xmlns:xsi="http://www.w3.org/2001/XMLSchema-instance" xsi:noNamespaceSchemaLocation="https://maven.apache.org/surefire/maven-surefire-plugin/xsd/surefire-test-report-3.0.xsd" version="3.0" name="com.fbp.engine.protocol.ModbusClientTest$IntegrationTests" time="3.316" tests="9" errors="0" skipped="0" failures="0">
  <properties>
[...]
</properties>
  <testcase name="test2_FC06FrameAssembly" classname="com.fbp.engine.protocol.ModbusClientTest" time="0.0"/>
  <testcase name="test5_InitialState" classname="com.fbp.engine.protocol.ModbusClientTest" time="0.0"/>
  <testcase name="test4_TransactionIdIncrement" classname="com.fbp.engine.protocol.ModbusClientTest" time="0.0"/>
  <testcase name="test1_3_FC03FrameAssembly" classname="com.fbp.engine.protocol.ModbusClientTest" time="0.0"/>
  <testcase name="test9_10_WriteAndRead" classname="com.fbp.engine.protocol.ModbusClientTest$IntegrationTests" time="0.098">
    <system-out><![CDATA[ModbusSimulator Start (Port: 5021)
클라이언트 연결 종료
]]></system-out>
  </testcase>
  <testcase name="test7_8_ReadRegisters" classname="com.fbp.engine.protocol.ModbusClientTest$IntegrationTests" time="0.002">
    <system-out><![CDATA[ModbusSimulator Start (Port: 5021)
클라이언트 연결 종료
]]></system-out>
  </testcase>
  <testcase name="test11_ErrorResponse" classname="com.fbp.engine.protocol.ModbusClientTest$IntegrationTests" time="0.001">
    <system-out><![CDATA[ModbusSimulator Start (Port: 5021)
클라이언트 연결 종료
]]></system-out>
  </testcase>
  <testcase name="test6_ConnectDisconnect" classname="com.fbp.engine.protocol.ModbusClientTest$IntegrationTests" time="0.211">
    <system-out><![CDATA[ModbusSimulator Start (Port: 5021)
[print-p1] {id='b44cfa93-9772-45d8-9650-137da24b1a41', payload={inputPort=in, tick=10, timestamp=1779841002681}, timestamp=2026-05-27T09:16:42.681841}
[print-p2] {id='cd4feb70-7e02-48a7-937d-44f50595d412', payload={inputPort=in, tick=5, timestamp=1779841002684}, timestamp=2026-05-27T09:16:42.684959}
[print-p1] {id='c3e9fb10-2b26-4ccd-97f4-a077f001cee9', payload={inputPort=in, tick=10, timestamp=1779841002684}, timestamp=2026-05-27T09:16:42.685001}
클라이언트 연결 종료
]]></system-out>
  </testcase>
  <testcase name="test12_SocketTimeout" classname="com.fbp.engine.protocol.ModbusClientTest$IntegrationTests" time="3.002">
    <system-out><![CDATA[ModbusSimulator Start (Port: 5021)
[print-p1] {id='c3161018-6a94-405e-a69a-1a99bd2e5528', payload={inputPort=in, tick=11, timestamp=1779841003181}, timestamp=2026-05-27T09:16:43.181908}
[print-p1] {id='88a5bbf3-7cb6-4c5b-89d9-13d35916a312', payload={inputPort=in, tick=11, timestamp=1779841003189}, timestamp=2026-05-27T09:16:43.189865}
[print-p1] {id='97798837-adfa-4a54-976e-67af4c0eaf12', payload={inputPort=in, tick=12, timestamp=1779841003679}, timestamp=2026-05-27T09:16:43.679496}
[print-p2] {id='53f487c5-adc7-4b06-921f-95c8133c9c5a', payload={inputPort=in, tick=6, timestamp=1779841003681}, timestamp=2026-05-27T09:16:43.681340}
[print-p1] {id='365b5b9b-6a3a-4bf7-9ad7-bcbff0bf3f2f', payload={inputPort=in, tick=12, timestamp=1779841003689}, timestamp=2026-05-27T09:16:43.689844}
[print-p1] {id='08eeed8b-0e58-4a5f-99c1-49db5c8f9ca7', payload={inputPort=in, tick=13, timestamp=1779841004181}, timestamp=2026-05-27T09:16:44.181837}
[print-p1] {id='eb4635a7-5f41-4765-be45-231b276c723e', payload={inputPort=in, tick=13, timestamp=1779841004186}, timestamp=2026-05-27T09:16:44.186182}
[print-p1] {id='cb145716-e431-4c7b-a460-bf4691ae046d', payload={inputPort=in, tick=14, timestamp=1779841004677}, timestamp=2026-05-27T09:16:44.677205}
[print-p2] {id='d6c84820-6d74-4b88-b0c9-c1875b533382', payload={inputPort=in, tick=7, timestamp=1779841004683}, timestamp=2026-05-27T09:16:44.684075}
[print-p1] {id='5bdd3e34-2d22-4591-bc07-7363a51dc2c5', payload={inputPort=in, tick=14, timestamp=1779841004686}, timestamp=2026-05-27T09:16:44.686459}
[print-p1] {id='043a6593-f909-4efe-9c47-d07a863527bc', payload={inputPort=in, tick=15, timestamp=1779841005181}, timestamp=2026-05-27T09:16:45.181826}
[print-p1] {id='67ffc605-5757-416d-ab7b-6a9f287afe34', payload={inputPort=in, tick=15, timestamp=1779841005189}, timestamp=2026-05-27T09:16:45.189791}
[print-p1] {id='772fb8ac-b435-4fd5-95e5-6af860f92d22', payload={inputPort=in, tick=16, timestamp=1779841005680}, timestamp=2026-05-27T09:16:45.680379}
[print-p1] {id='1dece597-276a-4727-a3f6-7170344dd657', payload={inputPort=in, tick=16, timestamp=1779841005685}, timestamp=2026-05-27T09:16:45.685970}
[print-p2] {id='9b37b662-030d-4305-8e31-4f276cd082be', payload={inputPort=in, tick=8, timestamp=1779841005685}, timestamp=2026-05-27T09:16:45.685947}
]]></system-out>
  </testcase>
</testsuite>